{"content": {"suites": {"0": {"status": {"total_pass": 46, "total_skip": 0, "total_xpass": 0, "total_xfail": 0, "total_rerun": 0, "total_fail": 8, "total_error": 0}, "tests": {"0": {"status": "PASS", "message": "", "test_name": "test_001_login", "rerun": "0"}, "1": {"status": "PASS", "message": "", "test_name": "test_002_bandmainlink", "rerun": "0"}, "2": {"status": "PASS", "message": "", "test_name": "test_003_mainpopular", "rerun": "0"}, "3": {"status": "PASS", "message": "", "test_name": "test_004_maindiscover", "rerun": "0"}, "4": {"status": "PASS", "message": "", "test_name": "test_005_topbutton", "rerun": "0"}, "5": {"status": "PASS", "message": "", "test_name": "test_006_footer", "rerun": "0"}, "6": {"status": "PASS", "message": "", "test_name": "test_007_missiontab", "rerun": "0"}, "7": {"status": "PASS", "message": "", "test_name": "test_008_missioncard", "rerun": "0"}, "8": {"status": "PASS", "message": "", "test_name": "test_009_missionstats", "rerun": "0"}, "9": {"status": "PASS", "message": "", "test_name": "test_010_missionchallengelist", "rerun": "0"}, "10": {"status": "PASS", "message": "", "test_name": "test_011_searchsection", "rerun": "0"}, "11": {"status": "PASS", "message": "", "test_name": "test_012_searchpopular", "rerun": "0"}, "12": {"status": "FAIL", "message": "   selenium.common.exceptions.NoSuchElementException: Message: no such element: Unable to locate element: {\"method\":\"css selector\",\"selector\":\".cBandIntroDetail\"}\n     (Session info: chrome=125.0.6422.77)\n   Stacktrace:\n   0   chromedriver                        0x00000001010424c8 chromedriver + 4302024\n   1   chromedriver                        0x000000010103ae10 chromedriver + 4271632\n   2   chromedriver                        0x0000000100c6c19c chromedriver + 278940\n   3   chromedriver                        0x0000000100cae2c4 chromedriver + 549572\n   4   chromedriver                        0x0000000100ce6c5c chromedriver + 781404\n   5   chromedriver                        0x0000000100ca3004 chromedriver + 503812\n   6   chromedriver                        0x0000000100ca39ec chromedriver + 506348\n   7   chromedriver                        0x000000010100a510 chromedriver + 4072720\n   8   chromedriver                        0x000000010100efbc chromedriver + 4091836\n   9   chromedriver                        0x0000000100ff1754 chromedriver + 3970900\n   10  chromedriver                        0x000000010100f8a4 chromedriver + 4094116\n   11  chromedriver                        0x0000000100fe46d4 chromedriver + 3917524\n   12  chromedriver                        0x000000010102cb08 chromedriver + 4213512\n   13  chromedriver                        0x000000010102cc84 chromedriver + 4213892\n   14  chromedriver                        0x000000010103aa08 chromedriver + 4270600\n   15  libsystem_pthread.dylib             0x0000000198d7df94 _pthread_start + 136\n   16  libsystem_pthread.dylib             0x0000000198d78d34 thread_start + 8\n", "test_name": "test_013_searchlocal", "rerun": "0"}, "13": {"status": "FAIL", "message": "   selenium.common.exceptions.NoSuchElementException: Message: no such element: Unable to locate element: {\"method\":\"css selector\",\"selector\":\".invitePage\"}\n     (Session info: chrome=125.0.6422.77)\n   Stacktrace:\n   0   chromedriver                        0x00000001010424c8 chromedriver + 4302024\n   1   chromedriver                        0x000000010103ae10 chromedriver + 4271632\n   2   chromedriver                        0x0000000100c6c19c chromedriver + 278940\n   3   chromedriver                        0x0000000100cae2c4 chromedriver + 549572\n   4   chromedriver                        0x0000000100ce6c5c chromedriver + 781404\n   5   chromedriver                        0x0000000100ca3004 chromedriver + 503812\n   6   chromedriver                        0x0000000100ca39ec chromedriver + 506348\n   7   chromedriver                        0x000000010100a510 chromedriver + 4072720\n   8   chromedriver                        0x000000010100efbc chromedriver + 4091836\n   9   chromedriver                        0x0000000100ff1754 chromedriver + 3970900\n   10  chromedriver                        0x000000010100f8a4 chromedriver + 4094116\n   11  chromedriver                        0x0000000100fe46d4 chromedriver + 3917524\n   12  chromedriver                        0x000000010102cb08 chromedriver + 4213512\n   13  chromedriver                        0x000000010102cc84 chromedriver + 4213892\n   14  chromedriver                        0x000000010103aa08 chromedriver + 4270600\n   15  libsystem_pthread.dylib             0x0000000198d7df94 _pthread_start + 136\n   16  libsystem_pthread.dylib             0x0000000198d78d34 thread_start + 8\n", "test_name": "test_014_searchpage", "rerun": "0"}, "14": {"status": "FAIL", "message": "   selenium.common.exceptions.NoSuchElementException: Message: no such element: Unable to locate element: {\"method\":\"css selector\",\"selector\":\".missionBand\"}\n     (Session info: chrome=125.0.6422.77)\n   Stacktrace:\n   0   chromedriver                        0x00000001010424c8 chromedriver + 4302024\n   1   chromedriver                        0x000000010103ae10 chromedriver + 4271632\n   2   chromedriver                        0x0000000100c6c19c chromedriver + 278940\n   3   chromedriver                        0x0000000100cae2c4 chromedriver + 549572\n   4   chromedriver                        0x0000000100ce6c5c chromedriver + 781404\n   5   chromedriver                        0x0000000100ca3004 chromedriver + 503812\n   6   chromedriver                        0x0000000100ca39ec chromedriver + 506348\n   7   chromedriver                        0x000000010100a510 chromedriver + 4072720\n   8   chromedriver                        0x000000010100efbc chromedriver + 4091836\n   9   chromedriver                        0x0000000100ff1754 chromedriver + 3970900\n   10  chromedriver                        0x000000010100f8a4 chromedriver + 4094116\n   11  chromedriver                        0x0000000100fe46d4 chromedriver + 3917524\n   12  chromedriver                        0x000000010102cb08 chromedriver + 4213512\n   13  chromedriver                        0x000000010102cc84 chromedriver + 4213892\n   14  chromedriver                        0x000000010103aa08 chromedriver + 4270600\n   15  libsystem_pthread.dylib             0x0000000198d7df94 _pthread_start + 136\n   16  libsystem_pthread.dylib             0x0000000198d78d34 thread_start + 8\n", "test_name": "test_015_searchmission", "rerun": "0"}, "15": {"status": "FAIL", "message": "   selenium.common.exceptions.InvalidArgumentException: Message: invalid argument\n     (Session info: chrome=125.0.6422.77)\n   Stacktrace:\n   0   chromedriver                        0x00000001010424c8 chromedriver + 4302024\n   1   chromedriver                        0x000000010103ae10 chromedriver + 4271632\n   2   chromedriver                        0x0000000100c6c000 chromedriver + 278528\n   3   chromedriver                        0x0000000100c560fc chromedriver + 188668\n   4   chromedriver                        0x0000000100c54898 chromedriver + 182424\n   5   chromedriver                        0x0000000100c551dc chromedriver + 184796\n   6   chromedriver                        0x0000000100c6e730 chromedriver + 288560\n   7   chromedriver                        0x0000000100ce7400 chromedriver + 783360\n   8   chromedriver                        0x0000000100ce6c5c chromedriver + 781404\n   9   chromedriver                        0x0000000100ca3004 chromedriver + 503812\n   10  chromedriver                        0x0000000100ca39ec chromedriver + 506348\n   11  chromedriver                        0x000000010100a510 chromedriver + 4072720\n   12  chromedriver                        0x000000010100efbc chromedriver + 4091836\n   13  chromedriver                        0x0000000100ff1754 chromedriver + 3970900\n   14  chromedriver                        0x000000010100f8a4 chromedriver + 4094116\n   15  chromedriver                        0x0000000100fe46d4 chromedriver + 3917524\n   16  chromedriver                        0x000000010102cb08 chromedriver + 4213512\n   17  chromedriver                        0x000000010102cc84 chromedriver + 4213892\n   18  chromedriver                        0x000000010103aa08 chromedriver + 4270600\n   19  libsystem_pthread.dylib             0x0000000198d7df94 _pthread_start + 136\n   20  libsystem_pthread.dylib             0x0000000198d78d34 thread_start + 8\n", "test_name": "test_missionbanddel", "rerun": "0"}, "16": {"status": "PASS", "message": "", "test_name": "test_016_bandcreate", "rerun": "0"}, "17": {"status": "PASS", "message": "", "test_name": "test_017_bandwrite", "rerun": "0"}, "18": {"status": "PASS", "message": "", "test_name": "test_018_postedit", "rerun": "0"}, "19": {"status": "PASS", "message": "", "test_name": "test_019_postcomment", "rerun": "0"}, "20": {"status": "PASS", "message": "", "test_name": "test_020_commentedit", "rerun": "0"}, "21": {"status": "PASS", "message": "", "test_name": "test_021_commentdel", "rerun": "0"}, "22": {"status": "PASS", "message": "", "test_name": "test_022_postdel", "rerun": "0"}, "23": {"status": "PASS", "message": "", "test_name": "test_023_pollpost", "rerun": "0"}, "24": {"status": "PASS", "message": "", "test_name": "test_024_polledit", "rerun": "0"}, "25": {"status": "PASS", "message": "", "test_name": "test_025_memberprofile", "rerun": "0"}, "26": {"status": "PASS", "message": "", "test_name": "test_026_profileblock", "rerun": "0"}, "27": {"status": "PASS", "message": "", "test_name": "test_027_membersort", "rerun": "0"}, "28": {"status": "PASS", "message": "", "test_name": "test_028_memebersearch", "rerun": "0"}, "29": {"status": "PASS", "message": "", "test_name": "test_029_attachmentalbum", "rerun": "0"}, "30": {"status": "PASS", "message": "", "test_name": "test_030_attachfolderedit", "rerun": "0"}, "31": {"status": "PASS", "message": "", "test_name": "test_031_fileupload", "rerun": "0"}, "32": {"status": "PASS", "message": "", "test_name": "test_032_filesort", "rerun": "0"}, "33": {"status": "PASS", "message": "", "test_name": "test_033_filemove", "rerun": "0"}, "34": {"status": "PASS", "message": "", "test_name": "test_034_filedelete", "rerun": "0"}, "35": {"status": "PASS", "message": "", "test_name": "test_035_albumcreate", "rerun": "0"}, "36": {"status": "PASS", "message": "", "test_name": "test_036_albumedit", "rerun": "0"}, "37": {"status": "PASS", "message": "", "test_name": "test_037_photoupload", "rerun": "0"}, "38": {"status": "PASS", "message": "", "test_name": "test_038_uploadedit", "rerun": "0"}, "39": {"status": "PASS", "message": "", "test_name": "test_039_imagedelete", "rerun": "0"}, "40": {"status": "PASS", "message": "", "test_name": "test_040_albumrange", "rerun": "0"}, "41": {"status": "PASS", "message": "", "test_name": "test_041_albumdelete", "rerun": "0"}, "42": {"status": "PASS", "message": "", "test_name": "test_042_calcreate", "rerun": "0"}, "43": {"status": "PASS", "message": "", "test_name": "test_043_calchange", "rerun": "0"}, "44": {"status": "PASS", "message": "", "test_name": "test_044_calcommentwrite", "rerun": "0"}, "45": {"status": "PASS", "message": "", "test_name": "test_045_calcommentchange", "rerun": "0"}, "46": {"status": "PASS", "message": "", "test_name": "test_046_calcommentdel", "rerun": "0"}, "47": {"status": "PASS", "message": "", "test_name": "test_047_caldel", "rerun": "0"}, "48": {"status": "FAIL", "message": "   selenium.common.exceptions.NoSuchElementException: Message: no such element: Unable to locate element: {\"method\":\"css selector\",\"selector\":\"._tabMyLocalMeetup.tab\"}\n     (Session info: chrome=125.0.6422.77)\n   Stacktrace:\n   0   chromedriver                        0x00000001010424c8 chromedriver + 4302024\n   1   chromedriver                        0x000000010103ae10 chromedriver + 4271632\n   2   chromedriver                        0x0000000100c6c19c chromedriver + 278940\n   3   chromedriver                        0x0000000100cae2c4 chromedriver + 549572\n   4   chromedriver                        0x0000000100ce6c5c chromedriver + 781404\n   5   chromedriver                        0x0000000100ca3004 chromedriver + 503812\n   6   chromedriver                        0x0000000100ca39ec chromedriver + 506348\n   7   chromedriver                        0x000000010100a510 chromedriver + 4072720\n   8   chromedriver                        0x000000010100efbc chromedriver + 4091836\n   9   chromedriver                        0x0000000100ff1754 chromedriver + 3970900\n   10  chromedriver                        0x000000010100f8a4 chromedriver + 4094116\n   11  chromedriver                        0x0000000100fe46d4 chromedriver + 3917524\n   12  chromedriver                        0x000000010102cb08 chromedriver + 4213512\n   13  chromedriver                        0x000000010102cc84 chromedriver + 4213892\n   14  chromedriver                        0x000000010103aa08 chromedriver + 4270600\n   15  libsystem_pthread.dylib             0x0000000198d7df94 _pthread_start + 136\n   16  libsystem_pthread.dylib             0x0000000198d78d34 thread_start + 8\n", "test_name": "test_070_localchange", "rerun": "0"}, "49": {"status": "FAIL", "message": "   selenium.common.exceptions.NoSuchElementException: Message: no such element: Unable to locate element: {\"method\":\"css selector\",\"selector\":\".openKeyword._regionSelectBtn\"}\n     (Session info: chrome=125.0.6422.77)\n   Stacktrace:\n   0   chromedriver                        0x00000001010424c8 chromedriver + 4302024\n   1   chromedriver                        0x000000010103ae10 chromedriver + 4271632\n   2   chromedriver                        0x0000000100c6c19c chromedriver + 278940\n   3   chromedriver                        0x0000000100cae2c4 chromedriver + 549572\n   4   chromedriver                        0x0000000100ce6c5c chromedriver + 781404\n   5   chromedriver                        0x0000000100ca3004 chromedriver + 503812\n   6   chromedriver                        0x0000000100ca39ec chromedriver + 506348\n   7   chromedriver                        0x000000010100a510 chromedriver + 4072720\n   8   chromedriver                        0x000000010100efbc chromedriver + 4091836\n   9   chromedriver                        0x0000000100ff1754 chromedriver + 3970900\n   10  chromedriver                        0x000000010100f8a4 chromedriver + 4094116\n   11  chromedriver                        0x0000000100fe46d4 chromedriver + 3917524\n   12  chromedriver                        0x000000010102cb08 chromedriver + 4213512\n   13  chromedriver                        0x000000010102cc84 chromedriver + 4213892\n   14  chromedriver                        0x000000010103aa08 chromedriver + 4270600\n   15  libsystem_pthread.dylib             0x0000000198d7df94 _pthread_start + 136\n   16  libsystem_pthread.dylib             0x0000000198d78d34 thread_start + 8\n", "test_name": "test_071_localhistory", "rerun": "0"}, "50": {"status": "FAIL", "message": "   selenium.common.exceptions.NoSuchElementException: Message: no such element: Unable to locate element: {\"method\":\"css selector\",\"selector\":\".makeMission._recruitBtn\"}\n     (Session info: chrome=125.0.6422.77)\n   Stacktrace:\n   0   chromedriver                        0x00000001010424c8 chromedriver + 4302024\n   1   chromedriver                        0x000000010103ae10 chromedriver + 4271632\n   2   chromedriver                        0x0000000100c6c19c chromedriver + 278940\n   3   chromedriver                        0x0000000100cae2c4 chromedriver + 549572\n   4   chromedriver                        0x0000000100ce6c5c chromedriver + 781404\n   5   chromedriver                        0x0000000100ca3004 chromedriver + 503812\n   6   chromedriver                        0x0000000100ca39ec chromedriver + 506348\n   7   chromedriver                        0x000000010100a510 chromedriver + 4072720\n   8   chromedriver                        0x000000010100efbc chromedriver + 4091836\n   9   chromedriver                        0x0000000100ff1754 chromedriver + 3970900\n   10  chromedriver                        0x000000010100f8a4 chromedriver + 4094116\n   11  chromedriver                        0x0000000100fe46d4 chromedriver + 3917524\n   12  chromedriver                        0x000000010102cb08 chromedriver + 4213512\n   13  chromedriver                        0x000000010102cc84 chromedriver + 4213892\n   14  chromedriver                        0x000000010103aa08 chromedriver + 4270600\n   15  libsystem_pthread.dylib             0x0000000198d7df94 _pthread_start + 136\n   16  libsystem_pthread.dylib             0x0000000198d78d34 thread_start + 8\n", "test_name": "test_072_localnewband", "rerun": "0"}, "51": {"status": "FAIL", "message": "   selenium.common.exceptions.NoSuchElementException: Message: no such element: Unable to locate element: {\"method\":\"css selector\",\"selector\":\".uHelpGuideRound.-close\"}\n     (Session info: chrome=125.0.6422.77)\n   Stacktrace:\n   0   chromedriver                        0x00000001010424c8 chromedriver + 4302024\n   1   chromedriver                        0x000000010103ae10 chromedriver + 4271632\n   2   chromedriver                        0x0000000100c6c19c chromedriver + 278940\n   3   chromedriver                        0x0000000100cae2c4 chromedriver + 549572\n   4   chromedriver                        0x0000000100ce6c5c chromedriver + 781404\n   5   chromedriver                        0x0000000100ca3004 chromedriver + 503812\n   6   chromedriver                        0x0000000100ca39ec chromedriver + 506348\n   7   chromedriver                        0x000000010100a510 chromedriver + 4072720\n   8   chromedriver                        0x000000010100efbc chromedriver + 4091836\n   9   chromedriver                        0x0000000100ff1754 chromedriver + 3970900\n   10  chromedriver                        0x000000010100f8a4 chromedriver + 4094116\n   11  chromedriver                        0x0000000100fe46d4 chromedriver + 3917524\n   12  chromedriver                        0x000000010102cb08 chromedriver + 4213512\n   13  chromedriver                        0x000000010102cc84 chromedriver + 4213892\n   14  chromedriver                        0x000000010103aa08 chromedriver + 4270600\n   15  libsystem_pthread.dylib             0x0000000198d7df94 _pthread_start + 136\n   16  libsystem_pthread.dylib             0x0000000198d78d34 thread_start + 8\n", "test_name": "test_073_localcategory", "rerun": "0"}, "52": {"status": "PASS", "message": "", "test_name": "test_074_localexistingband", "rerun": "0"}, "53": {"status": "PASS", "message": "", "test_name": "test_075_feedmain", "rerun": "0"}}, "suite_name": "test_web.py"}}}, "date": "April 01, 2025", "start_time": 1743487714.2692218, "total_suite": 1, "status": "FAIL", "status_list": {"pass": "46", "fail": "8", "skip": "0", "error": "0", "xpass": "0", "xfail": "0", "rerun": "0"}, "total_tests": "54"}