{"content": {"suites": {"0": {"status": {"total_pass": 9, "total_skip": 0, "total_xpass": 0, "total_xfail": 0, "total_rerun": 0, "total_fail": 7, "total_error": 0}, "tests": {"0": {"status": "FAIL", "message": "       selenium.common.exceptions.UnexpectedAlertPresentException: Alert Text: \uc77c\uc2dc\uc801\uc778 \uc624\ub958\uc785\ub2c8\ub2e4.\n       Message: unexpected alert open: {Alert text : \uc77c\uc2dc\uc801\uc778 \uc624\ub958\uc785\ub2c8\ub2e4.}\n         (Session info: chrome=125.0.6422.77)\n       Stacktrace:\n       0   chromedriver                        0x0000000104cc64c8 chromedriver + 4302024\n       1   chromedriver                        0x0000000104cbee10 chromedriver + 4271632\n       2   chromedriver                        0x00000001048f019c chromedriver + 278940\n       3   chromedriver                        0x000000010496b168 chromedriver + 782696\n       4   chromedriver                        0x0000000104927004 chromedriver + 503812\n       5   chromedriver                        0x00000001049279ec chromedriver + 506348\n       6   chromedriver                        0x0000000104c8e510 chromedriver + 4072720\n       7   chromedriver                        0x0000000104c92fbc chromedriver + 4091836\n       8   chromedriver                        0x0000000104c75754 chromedriver + 3970900\n       9   chromedriver                        0x0000000104c938a4 chromedriver + 4094116\n       10  chromedriver                        0x0000000104c686d4 chromedriver + 3917524\n       11  chromedriver                        0x0000000104cb0b08 chromedriver + 4213512\n       12  chromedriver                        0x0000000104cb0c84 chromedriver + 4213892\n       13  chromedriver                        0x0000000104cbea08 chromedriver + 4270600\n       14  libsystem_pthread.dylib             0x0000000182eaffa8 _pthread_start + 148\n       15  libsystem_pthread.dylib             0x0000000182eaada0 thread_start + 8\n", "test_name": "test_001_login", "rerun": "0"}, "1": {"status": "PASS", "message": "", "test_name": "test_002_bandmainlink", "rerun": "0"}, "2": {"status": "PASS", "message": "", "test_name": "test_003_mainpopular", "rerun": "0"}, "3": {"status": "PASS", "message": "", "test_name": "test_004_maindiscover", "rerun": "0"}, "4": {"status": "PASS", "message": "", "test_name": "test_005_topbutton", "rerun": "0"}, "5": {"status": "PASS", "message": "", "test_name": "test_006_footer", "rerun": "0"}, "6": {"status": "FAIL", "message": "   IndexError: list index out of range\n", "test_name": "test_007_searchsection", "rerun": "0"}, "7": {"status": "FAIL", "message": "   selenium.common.exceptions.NoSuchElementException: Message: no such element: Unable to locate element: {\"method\":\"css selector\",\"selector\":\".todayBest\"}\n     (Session info: chrome=125.0.6422.77); For documentation on this error, please visit: https://www.selenium.dev/documentation/webdriver/troubleshooting/errors#no-such-element-exception\n   Stacktrace:\n   0   chromedriver                        0x0000000104cc64c8 chromedriver + 4302024\n   1   chromedriver                        0x0000000104cbee10 chromedriver + 4271632\n   2   chromedriver                        0x00000001048f019c chromedriver + 278940\n   3   chromedriver                        0x00000001049322c4 chromedriver + 549572\n   4   chromedriver                        0x000000010496ac5c chromedriver + 781404\n   5   chromedriver                        0x0000000104927004 chromedriver + 503812\n   6   chromedriver                        0x00000001049279ec chromedriver + 506348\n   7   chromedriver                        0x0000000104c8e510 chromedriver + 4072720\n   8   chromedriver                        0x0000000104c92fbc chromedriver + 4091836\n   9   chromedriver                        0x0000000104c75754 chromedriver + 3970900\n   10  chromedriver                        0x0000000104c938a4 chromedriver + 4094116\n   11  chromedriver                        0x0000000104c686d4 chromedriver + 3917524\n   12  chromedriver                        0x0000000104cb0b08 chromedriver + 4213512\n   13  chromedriver                        0x0000000104cb0c84 chromedriver + 4213892\n   14  chromedriver                        0x0000000104cbea08 chromedriver + 4270600\n   15  libsystem_pthread.dylib             0x0000000182eaffa8 _pthread_start + 148\n   16  libsystem_pthread.dylib             0x0000000182eaada0 thread_start + 8\n", "test_name": "test_008_searchpopular", "rerun": "0"}, "8": {"status": "FAIL", "message": "   selenium.common.exceptions.NoSuchElementException: Message: no such element: Unable to locate element: {\"method\":\"css selector\",\"selector\":\".localMeetupBand\"}\n     (Session info: chrome=125.0.6422.77); For documentation on this error, please visit: https://www.selenium.dev/documentation/webdriver/troubleshooting/errors#no-such-element-exception\n   Stacktrace:\n   0   chromedriver                        0x0000000104cc64c8 chromedriver + 4302024\n   1   chromedriver                        0x0000000104cbee10 chromedriver + 4271632\n   2   chromedriver                        0x00000001048f019c chromedriver + 278940\n   3   chromedriver                        0x00000001049322c4 chromedriver + 549572\n   4   chromedriver                        0x000000010496ac5c chromedriver + 781404\n   5   chromedriver                        0x0000000104927004 chromedriver + 503812\n   6   chromedriver                        0x00000001049279ec chromedriver + 506348\n   7   chromedriver                        0x0000000104c8e510 chromedriver + 4072720\n   8   chromedriver                        0x0000000104c92fbc chromedriver + 4091836\n   9   chromedriver                        0x0000000104c75754 chromedriver + 3970900\n   10  chromedriver                        0x0000000104c938a4 chromedriver + 4094116\n   11  chromedriver                        0x0000000104c686d4 chromedriver + 3917524\n   12  chromedriver                        0x0000000104cb0b08 chromedriver + 4213512\n   13  chromedriver                        0x0000000104cb0c84 chromedriver + 4213892\n   14  chromedriver                        0x0000000104cbea08 chromedriver + 4270600\n   15  libsystem_pthread.dylib             0x0000000182eaffa8 _pthread_start + 148\n   16  libsystem_pthread.dylib             0x0000000182eaada0 thread_start + 8\n", "test_name": "test_009_searchlocal", "rerun": "0"}, "9": {"status": "FAIL", "message": "   selenium.common.exceptions.NoSuchElementException: Message: no such element: Unable to locate element: {\"method\":\"css selector\",\"selector\":\".invitePage\"}\n     (Session info: chrome=125.0.6422.77); For documentation on this error, please visit: https://www.selenium.dev/documentation/webdriver/troubleshooting/errors#no-such-element-exception\n   Stacktrace:\n   0   chromedriver                        0x0000000104cc64c8 chromedriver + 4302024\n   1   chromedriver                        0x0000000104cbee10 chromedriver + 4271632\n   2   chromedriver                        0x00000001048f019c chromedriver + 278940\n   3   chromedriver                        0x00000001049322c4 chromedriver + 549572\n   4   chromedriver                        0x000000010496ac5c chromedriver + 781404\n   5   chromedriver                        0x0000000104927004 chromedriver + 503812\n   6   chromedriver                        0x00000001049279ec chromedriver + 506348\n   7   chromedriver                        0x0000000104c8e510 chromedriver + 4072720\n   8   chromedriver                        0x0000000104c92fbc chromedriver + 4091836\n   9   chromedriver                        0x0000000104c75754 chromedriver + 3970900\n   10  chromedriver                        0x0000000104c938a4 chromedriver + 4094116\n   11  chromedriver                        0x0000000104c686d4 chromedriver + 3917524\n   12  chromedriver                        0x0000000104cb0b08 chromedriver + 4213512\n   13  chromedriver                        0x0000000104cb0c84 chromedriver + 4213892\n   14  chromedriver                        0x0000000104cbea08 chromedriver + 4270600\n   15  libsystem_pthread.dylib             0x0000000182eaffa8 _pthread_start + 148\n   16  libsystem_pthread.dylib             0x0000000182eaada0 thread_start + 8\n", "test_name": "test_010_searchpage", "rerun": "0"}, "10": {"status": "FAIL", "message": "   selenium.common.exceptions.NoSuchElementException: Message: no such element: Unable to locate element: {\"method\":\"css selector\",\"selector\":\".missionBand\"}\n     (Session info: chrome=125.0.6422.77); For documentation on this error, please visit: https://www.selenium.dev/documentation/webdriver/troubleshooting/errors#no-such-element-exception\n   Stacktrace:\n   0   chromedriver                        0x0000000104cc64c8 chromedriver + 4302024\n   1   chromedriver                        0x0000000104cbee10 chromedriver + 4271632\n   2   chromedriver                        0x00000001048f019c chromedriver + 278940\n   3   chromedriver                        0x00000001049322c4 chromedriver + 549572\n   4   chromedriver                        0x000000010496ac5c chromedriver + 781404\n   5   chromedriver                        0x0000000104927004 chromedriver + 503812\n   6   chromedriver                        0x00000001049279ec chromedriver + 506348\n   7   chromedriver                        0x0000000104c8e510 chromedriver + 4072720\n   8   chromedriver                        0x0000000104c92fbc chromedriver + 4091836\n   9   chromedriver                        0x0000000104c75754 chromedriver + 3970900\n   10  chromedriver                        0x0000000104c938a4 chromedriver + 4094116\n   11  chromedriver                        0x0000000104c686d4 chromedriver + 3917524\n   12  chromedriver                        0x0000000104cb0b08 chromedriver + 4213512\n   13  chromedriver                        0x0000000104cb0c84 chromedriver + 4213892\n   14  chromedriver                        0x0000000104cbea08 chromedriver + 4270600\n   15  libsystem_pthread.dylib             0x0000000182eaffa8 _pthread_start + 148\n   16  libsystem_pthread.dylib             0x0000000182eaada0 thread_start + 8\n", "test_name": "test_011_searchmission", "rerun": "0"}, "11": {"status": "FAIL", "message": "   selenium.common.exceptions.ElementClickInterceptedException: Message: element click intercepted: Element <a href=\"/band-create\" class=\"bandCreate  _link\">...</a> is not clickable at point (168, 100). Other element would receive the click: <a href=\"/mission\" class=\"_tabMyMission tab\" role=\"tab\" aria-selected=\"false\">...</a>\n     (Session info: chrome=125.0.6422.77)\n   Stacktrace:\n   0   chromedriver                        0x0000000104cc64c8 chromedriver + 4302024\n   1   chromedriver                        0x0000000104cbee10 chromedriver + 4271632\n   2   chromedriver                        0x00000001048f019c chromedriver + 278940\n   3   chromedriver                        0x0000000104937d48 chromedriver + 572744\n   4   chromedriver                        0x00000001049362ec chromedriver + 565996\n   5   chromedriver                        0x000000010493447c chromedriver + 558204\n   6   chromedriver                        0x00000001049339cc chromedriver + 555468\n   7   chromedriver                        0x0000000104928e24 chromedriver + 511524\n   8   chromedriver                        0x000000010492885c chromedriver + 510044\n   9   chromedriver                        0x000000010496ac5c chromedriver + 781404\n   10  chromedriver                        0x0000000104927004 chromedriver + 503812\n   11  chromedriver                        0x00000001049279ec chromedriver + 506348\n   12  chromedriver                        0x0000000104c8e510 chromedriver + 4072720\n   13  chromedriver                        0x0000000104c92fbc chromedriver + 4091836\n   14  chromedriver                        0x0000000104c75754 chromedriver + 3970900\n   15  chromedriver                        0x0000000104c938a4 chromedriver + 4094116\n   16  chromedriver                        0x0000000104c686d4 chromedriver + 3917524\n   17  chromedriver                        0x0000000104cb0b08 chromedriver + 4213512\n   18  chromedriver                        0x0000000104cb0c84 chromedriver + 4213892\n   19  chromedriver                        0x0000000104cbea08 chromedriver + 4270600\n   20  libsystem_pthread.dylib             0x0000000182eaffa8 _pthread_start + 148\n   21  libsystem_pthread.dylib             0x0000000182eaada0 thread_start + 8\n", "test_name": "test_bandcreate", "rerun": "0"}, "12": {"status": "PASS", "message": "", "test_name": "test_missiontab", "rerun": "0"}, "13": {"status": "PASS", "message": "", "test_name": "test_missioncard", "rerun": "0"}, "14": {"status": "PASS", "message": "", "test_name": "test_missionstats", "rerun": "0"}, "15": {"status": "PASS", "message": "", "test_name": "test_missionchallengelist", "rerun": "0"}}, "suite_name": "test_web.py"}}}, "date": "July 04, 2024", "start_time": 1720076535.8745759, "total_suite": 1, "status": "FAIL", "status_list": {"pass": "9", "fail": "7", "skip": "0", "error": "0", "xpass": "0", "xfail": "0", "rerun": "0"}, "total_tests": "16"}