{"content": {"suites": {"0": {"status": {"total_pass": 36, "total_skip": 0, "total_xpass": 0, "total_xfail": 0, "total_rerun": 0, "total_fail": 2, "total_error": 0}, "tests": {"0": {"status": "PASS", "message": "", "test_name": "test_001_login", "rerun": "0"}, "1": {"status": "PASS", "message": "", "test_name": "test_002_bandmainlink", "rerun": "0"}, "2": {"status": "PASS", "message": "", "test_name": "test_003_mainpopular", "rerun": "0"}, "3": {"status": "PASS", "message": "", "test_name": "test_004_maindiscover", "rerun": "0"}, "4": {"status": "PASS", "message": "", "test_name": "test_005_topbutton", "rerun": "0"}, "5": {"status": "PASS", "message": "", "test_name": "test_006_footer", "rerun": "0"}, "6": {"status": "PASS", "message": "", "test_name": "test_016_bandcreate", "rerun": "0"}, "7": {"status": "PASS", "message": "", "test_name": "test_017_bandwrite", "rerun": "0"}, "8": {"status": "PASS", "message": "", "test_name": "test_018_postedit", "rerun": "0"}, "9": {"status": "PASS", "message": "", "test_name": "test_019_postcomment", "rerun": "0"}, "10": {"status": "PASS", "message": "", "test_name": "test_020_commentedit", "rerun": "0"}, "11": {"status": "PASS", "message": "", "test_name": "test_021_commentdel", "rerun": "0"}, "12": {"status": "PASS", "message": "", "test_name": "test_022_postdel", "rerun": "0"}, "13": {"status": "FAIL", "message": "   selenium.common.exceptions.ElementClickInterceptedException: Message: element click intercepted: Element <button type=\"button\" class=\"vote _showToolTip _popupOpenShortly\" data-attachment=\"poll\">...</button> is not clickable at point (495, 260). Other element would receive the click: <section class=\"lyWrap _scrollContainer\">...</section>\n     (Session info: chrome=125.0.6422.77)\n   Stacktrace:\n   0   chromedriver                        0x000000010330a4c8 chromedriver + 4302024\n   1   chromedriver                        0x0000000103302e10 chromedriver + 4271632\n   2   chromedriver                        0x0000000102f3419c chromedriver + 278940\n   3   chromedriver                        0x0000000102f7bd48 chromedriver + 572744\n   4   chromedriver                        0x0000000102f7a2ec chromedriver + 565996\n   5   chromedriver                        0x0000000102f7847c chromedriver + 558204\n   6   chromedriver                        0x0000000102f779cc chromedriver + 555468\n   7   chromedriver                        0x0000000102f6ce24 chromedriver + 511524\n   8   chromedriver                        0x0000000102f6c85c chromedriver + 510044\n   9   chromedriver                        0x0000000102faec5c chromedriver + 781404\n   10  chromedriver                        0x0000000102f6b004 chromedriver + 503812\n   11  chromedriver                        0x0000000102f6b9ec chromedriver + 506348\n   12  chromedriver                        0x00000001032d2510 chromedriver + 4072720\n   13  chromedriver                        0x00000001032d6fbc chromedriver + 4091836\n   14  chromedriver                        0x00000001032b9754 chromedriver + 3970900\n   15  chromedriver                        0x00000001032d78a4 chromedriver + 4094116\n   16  chromedriver                        0x00000001032ac6d4 chromedriver + 3917524\n   17  chromedriver                        0x00000001032f4b08 chromedriver + 4213512\n   18  chromedriver                        0x00000001032f4c84 chromedriver + 4213892\n   19  chromedriver                        0x0000000103302a08 chromedriver + 4270600\n   20  libsystem_pthread.dylib             0x0000000196d31f94 _pthread_start + 136\n   21  libsystem_pthread.dylib             0x0000000196d2cd34 thread_start + 8\n", "test_name": "test_023_pollpost", "rerun": "0"}, "14": {"status": "FAIL", "message": "   selenium.common.exceptions.NoSuchElementException: Message: no such element: Unable to locate element: {\"method\":\"css selector\",\"selector\":\".addTitle\"}\n     (Session info: chrome=125.0.6422.77); For documentation on this error, please visit: https://www.selenium.dev/documentation/webdriver/troubleshooting/errors#no-such-element-exception\n   Stacktrace:\n   0   chromedriver                        0x000000010330a4c8 chromedriver + 4302024\n   1   chromedriver                        0x0000000103302e10 chromedriver + 4271632\n   2   chromedriver                        0x0000000102f3419c chromedriver + 278940\n   3   chromedriver                        0x0000000102f762c4 chromedriver + 549572\n   4   chromedriver                        0x0000000102faec5c chromedriver + 781404\n   5   chromedriver                        0x0000000102f6b004 chromedriver + 503812\n   6   chromedriver                        0x0000000102f6b9ec chromedriver + 506348\n   7   chromedriver                        0x00000001032d2510 chromedriver + 4072720\n   8   chromedriver                        0x00000001032d6fbc chromedriver + 4091836\n   9   chromedriver                        0x00000001032b9754 chromedriver + 3970900\n   10  chromedriver                        0x00000001032d78a4 chromedriver + 4094116\n   11  chromedriver                        0x00000001032ac6d4 chromedriver + 3917524\n   12  chromedriver                        0x00000001032f4b08 chromedriver + 4213512\n   13  chromedriver                        0x00000001032f4c84 chromedriver + 4213892\n   14  chromedriver                        0x0000000103302a08 chromedriver + 4270600\n   15  libsystem_pthread.dylib             0x0000000196d31f94 _pthread_start + 136\n   16  libsystem_pthread.dylib             0x0000000196d2cd34 thread_start + 8\n", "test_name": "test_024_polledit", "rerun": "0"}, "15": {"status": "PASS", "message": "", "test_name": "test_025_memberprofile", "rerun": "0"}, "16": {"status": "PASS", "message": "", "test_name": "test_026_profileblock", "rerun": "0"}, "17": {"status": "PASS", "message": "", "test_name": "test_027_membersort", "rerun": "0"}, "18": {"status": "PASS", "message": "", "test_name": "test_028_memebersearch", "rerun": "0"}, "19": {"status": "PASS", "message": "", "test_name": "test_029_attachmentalbum", "rerun": "0"}, "20": {"status": "PASS", "message": "", "test_name": "test_030_attachfolderedit", "rerun": "0"}, "21": {"status": "PASS", "message": "", "test_name": "test_031_fileupload", "rerun": "0"}, "22": {"status": "PASS", "message": "", "test_name": "test_032_filesort", "rerun": "0"}, "23": {"status": "PASS", "message": "", "test_name": "test_033_filemove", "rerun": "0"}, "24": {"status": "PASS", "message": "", "test_name": "test_034_filedelete", "rerun": "0"}, "25": {"status": "PASS", "message": "", "test_name": "test_035_albumcreate", "rerun": "0"}, "26": {"status": "PASS", "message": "", "test_name": "test_036_albumedit", "rerun": "0"}, "27": {"status": "PASS", "message": "", "test_name": "test_037_photoupload", "rerun": "0"}, "28": {"status": "PASS", "message": "", "test_name": "test_038_uploadedit", "rerun": "0"}, "29": {"status": "PASS", "message": "", "test_name": "test_039_imagedelte", "rerun": "0"}, "30": {"status": "PASS", "message": "", "test_name": "test_040_albumrange", "rerun": "0"}, "31": {"status": "PASS", "message": "", "test_name": "test_041_albumdelete", "rerun": "0"}, "32": {"status": "PASS", "message": "", "test_name": "test_042_calcreate", "rerun": "0"}, "33": {"status": "PASS", "message": "", "test_name": "test_043_calchange", "rerun": "0"}, "34": {"status": "PASS", "message": "", "test_name": "test_044_calcommentwrite", "rerun": "0"}, "35": {"status": "PASS", "message": "", "test_name": "test_045_calcommentchange", "rerun": "0"}, "36": {"status": "PASS", "message": "", "test_name": "test_046_calcommentdel", "rerun": "0"}, "37": {"status": "PASS", "message": "", "test_name": "test_047_caldel", "rerun": "0"}}, "suite_name": "test_web.py"}}}, "date": "October 25, 2024", "start_time": 1729845526.595816, "total_suite": 1, "status": "FAIL", "status_list": {"pass": "36", "fail": "2", "skip": "0", "error": "0", "xpass": "0", "xfail": "0", "rerun": "0"}, "total_tests": "38"}