{"content": {"suites": {"0": {"status": {"total_pass": 7, "total_skip": 0, "total_xpass": 0, "total_xfail": 0, "total_rerun": 0, "total_fail": 13, "total_error": 0}, "tests": {"0": {"status": "PASS", "message": "", "test_name": "test_login", "rerun": "0"}, "1": {"status": "PASS", "message": "", "test_name": "test_missiontab", "rerun": "0"}, "2": {"status": "PASS", "message": "", "test_name": "test_missioncard", "rerun": "0"}, "3": {"status": "PASS", "message": "", "test_name": "test_missionstats", "rerun": "0"}, "4": {"status": "PASS", "message": "", "test_name": "test_missionchallengelist", "rerun": "0"}, "5": {"status": "PASS", "message": "", "test_name": "test_bandmainlink", "rerun": "0"}, "6": {"status": "FAIL", "message": "   IndexError: list index out of range\n", "test_name": "test_mainpopular", "rerun": "0"}, "7": {"status": "FAIL", "message": "   selenium.common.exceptions.NoSuchElementException: Message: no such element: Unable to locate element: {\"method\":\"css selector\",\"selector\":\".discoverBandList\"}\n     (Session info: chrome=125.0.6422.77); For documentation on this error, please visit: https://www.selenium.dev/documentation/webdriver/troubleshooting/errors#no-such-element-exception\n   Stacktrace:\n   0   chromedriver                        0x000000010062e4c8 chromedriver + 4302024\n   1   chromedriver                        0x0000000100626e10 chromedriver + 4271632\n   2   chromedriver                        0x000000010025819c chromedriver + 278940\n   3   chromedriver                        0x000000010029a2c4 chromedriver + 549572\n   4   chromedriver                        0x00000001002d2c5c chromedriver + 781404\n   5   chromedriver                        0x000000010028f004 chromedriver + 503812\n   6   chromedriver                        0x000000010028f9ec chromedriver + 506348\n   7   chromedriver                        0x00000001005f6510 chromedriver + 4072720\n   8   chromedriver                        0x00000001005fafbc chromedriver + 4091836\n   9   chromedriver                        0x00000001005dd754 chromedriver + 3970900\n   10  chromedriver                        0x00000001005fb8a4 chromedriver + 4094116\n   11  chromedriver                        0x00000001005d06d4 chromedriver + 3917524\n   12  chromedriver                        0x0000000100618b08 chromedriver + 4213512\n   13  chromedriver                        0x0000000100618c84 chromedriver + 4213892\n   14  chromedriver                        0x0000000100626a08 chromedriver + 4270600\n   15  libsystem_pthread.dylib             0x0000000182eaffa8 _pthread_start + 148\n   16  libsystem_pthread.dylib             0x0000000182eaada0 thread_start + 8\n", "test_name": "test_maindiscover", "rerun": "0"}, "8": {"status": "FAIL", "message": "   selenium.common.exceptions.NoSuchElementException: Message: no such element: Unable to locate element: {\"method\":\"css selector\",\"selector\":\".bandCreate._link\"}\n     (Session info: chrome=125.0.6422.77); For documentation on this error, please visit: https://www.selenium.dev/documentation/webdriver/troubleshooting/errors#no-such-element-exception\n   Stacktrace:\n   0   chromedriver                        0x000000010062e4c8 chromedriver + 4302024\n   1   chromedriver                        0x0000000100626e10 chromedriver + 4271632\n   2   chromedriver                        0x000000010025819c chromedriver + 278940\n   3   chromedriver                        0x000000010029a2c4 chromedriver + 549572\n   4   chromedriver                        0x00000001002d2c5c chromedriver + 781404\n   5   chromedriver                        0x000000010028f004 chromedriver + 503812\n   6   chromedriver                        0x000000010028f9ec chromedriver + 506348\n   7   chromedriver                        0x00000001005f6510 chromedriver + 4072720\n   8   chromedriver                        0x00000001005fafbc chromedriver + 4091836\n   9   chromedriver                        0x00000001005dd754 chromedriver + 3970900\n   10  chromedriver                        0x00000001005fb8a4 chromedriver + 4094116\n   11  chromedriver                        0x00000001005d06d4 chromedriver + 3917524\n   12  chromedriver                        0x0000000100618b08 chromedriver + 4213512\n   13  chromedriver                        0x0000000100618c84 chromedriver + 4213892\n   14  chromedriver                        0x0000000100626a08 chromedriver + 4270600\n   15  libsystem_pthread.dylib             0x0000000182eaffa8 _pthread_start + 148\n   16  libsystem_pthread.dylib             0x0000000182eaada0 thread_start + 8\n", "test_name": "test_topbutton", "rerun": "0"}, "9": {"status": "PASS", "message": "", "test_name": "test_footer", "rerun": "0"}, "10": {"status": "FAIL", "message": "   IndexError: list index out of range\n", "test_name": "test_searchsection", "rerun": "0"}, "11": {"status": "FAIL", "message": "   selenium.common.exceptions.NoSuchElementException: Message: no such element: Unable to locate element: {\"method\":\"css selector\",\"selector\":\".todayBest\"}\n     (Session info: chrome=125.0.6422.77); For documentation on this error, please visit: https://www.selenium.dev/documentation/webdriver/troubleshooting/errors#no-such-element-exception\n   Stacktrace:\n   0   chromedriver                        0x000000010062e4c8 chromedriver + 4302024\n   1   chromedriver                        0x0000000100626e10 chromedriver + 4271632\n   2   chromedriver                        0x000000010025819c chromedriver + 278940\n   3   chromedriver                        0x000000010029a2c4 chromedriver + 549572\n   4   chromedriver                        0x00000001002d2c5c chromedriver + 781404\n   5   chromedriver                        0x000000010028f004 chromedriver + 503812\n   6   chromedriver                        0x000000010028f9ec chromedriver + 506348\n   7   chromedriver                        0x00000001005f6510 chromedriver + 4072720\n   8   chromedriver                        0x00000001005fafbc chromedriver + 4091836\n   9   chromedriver                        0x00000001005dd754 chromedriver + 3970900\n   10  chromedriver                        0x00000001005fb8a4 chromedriver + 4094116\n   11  chromedriver                        0x00000001005d06d4 chromedriver + 3917524\n   12  chromedriver                        0x0000000100618b08 chromedriver + 4213512\n   13  chromedriver                        0x0000000100618c84 chromedriver + 4213892\n   14  chromedriver                        0x0000000100626a08 chromedriver + 4270600\n   15  libsystem_pthread.dylib             0x0000000182eaffa8 _pthread_start + 148\n   16  libsystem_pthread.dylib             0x0000000182eaada0 thread_start + 8\n", "test_name": "test_searchpopular", "rerun": "0"}, "12": {"status": "FAIL", "message": "   selenium.common.exceptions.NoSuchElementException: Message: no such element: Unable to locate element: {\"method\":\"css selector\",\"selector\":\".localMeetupBand\"}\n     (Session info: chrome=125.0.6422.77); For documentation on this error, please visit: https://www.selenium.dev/documentation/webdriver/troubleshooting/errors#no-such-element-exception\n   Stacktrace:\n   0   chromedriver                        0x000000010062e4c8 chromedriver + 4302024\n   1   chromedriver                        0x0000000100626e10 chromedriver + 4271632\n   2   chromedriver                        0x000000010025819c chromedriver + 278940\n   3   chromedriver                        0x000000010029a2c4 chromedriver + 549572\n   4   chromedriver                        0x00000001002d2c5c chromedriver + 781404\n   5   chromedriver                        0x000000010028f004 chromedriver + 503812\n   6   chromedriver                        0x000000010028f9ec chromedriver + 506348\n   7   chromedriver                        0x00000001005f6510 chromedriver + 4072720\n   8   chromedriver                        0x00000001005fafbc chromedriver + 4091836\n   9   chromedriver                        0x00000001005dd754 chromedriver + 3970900\n   10  chromedriver                        0x00000001005fb8a4 chromedriver + 4094116\n   11  chromedriver                        0x00000001005d06d4 chromedriver + 3917524\n   12  chromedriver                        0x0000000100618b08 chromedriver + 4213512\n   13  chromedriver                        0x0000000100618c84 chromedriver + 4213892\n   14  chromedriver                        0x0000000100626a08 chromedriver + 4270600\n   15  libsystem_pthread.dylib             0x0000000182eaffa8 _pthread_start + 148\n   16  libsystem_pthread.dylib             0x0000000182eaada0 thread_start + 8\n", "test_name": "test_searchlocal", "rerun": "0"}, "13": {"status": "FAIL", "message": "   selenium.common.exceptions.NoSuchElementException: Message: no such element: Unable to locate element: {\"method\":\"css selector\",\"selector\":\".invitePage\"}\n     (Session info: chrome=125.0.6422.77); For documentation on this error, please visit: https://www.selenium.dev/documentation/webdriver/troubleshooting/errors#no-such-element-exception\n   Stacktrace:\n   0   chromedriver                        0x000000010062e4c8 chromedriver + 4302024\n   1   chromedriver                        0x0000000100626e10 chromedriver + 4271632\n   2   chromedriver                        0x000000010025819c chromedriver + 278940\n   3   chromedriver                        0x000000010029a2c4 chromedriver + 549572\n   4   chromedriver                        0x00000001002d2c5c chromedriver + 781404\n   5   chromedriver                        0x000000010028f004 chromedriver + 503812\n   6   chromedriver                        0x000000010028f9ec chromedriver + 506348\n   7   chromedriver                        0x00000001005f6510 chromedriver + 4072720\n   8   chromedriver                        0x00000001005fafbc chromedriver + 4091836\n   9   chromedriver                        0x00000001005dd754 chromedriver + 3970900\n   10  chromedriver                        0x00000001005fb8a4 chromedriver + 4094116\n   11  chromedriver                        0x00000001005d06d4 chromedriver + 3917524\n   12  chromedriver                        0x0000000100618b08 chromedriver + 4213512\n   13  chromedriver                        0x0000000100618c84 chromedriver + 4213892\n   14  chromedriver                        0x0000000100626a08 chromedriver + 4270600\n   15  libsystem_pthread.dylib             0x0000000182eaffa8 _pthread_start + 148\n   16  libsystem_pthread.dylib             0x0000000182eaada0 thread_start + 8\n", "test_name": "test_searchpage", "rerun": "0"}, "14": {"status": "FAIL", "message": "   IndexError: list index out of range\n", "test_name": "test_searchmission", "rerun": "0"}, "15": {"status": "FAIL", "message": "   IndexError: list index out of range\n", "test_name": "test_memberprofile", "rerun": "0"}, "16": {"status": "FAIL", "message": "   IndexError: list index out of range\n", "test_name": "test_profileblock", "rerun": "0"}, "17": {"status": "FAIL", "message": "", "test_name": "test_membersort", "rerun": "0"}, "18": {"status": "FAIL", "message": "", "test_name": "test_memebersearch", "rerun": "0"}, "19": {"status": "FAIL", "message": "   selenium.common.exceptions.NoSuchElementException: Message: no such element: Unable to locate element: {\"method\":\"css selector\",\"selector\":\".bandCreate._link\"}\n     (Session info: chrome=125.0.6422.77); For documentation on this error, please visit: https://www.selenium.dev/documentation/webdriver/troubleshooting/errors#no-such-element-exception\n   Stacktrace:\n   0   chromedriver                        0x000000010062e4c8 chromedriver + 4302024\n   1   chromedriver                        0x0000000100626e10 chromedriver + 4271632\n   2   chromedriver                        0x000000010025819c chromedriver + 278940\n   3   chromedriver                        0x000000010029a2c4 chromedriver + 549572\n   4   chromedriver                        0x00000001002d2c5c chromedriver + 781404\n   5   chromedriver                        0x000000010028f004 chromedriver + 503812\n   6   chromedriver                        0x000000010028f9ec chromedriver + 506348\n   7   chromedriver                        0x00000001005f6510 chromedriver + 4072720\n   8   chromedriver                        0x00000001005fafbc chromedriver + 4091836\n   9   chromedriver                        0x00000001005dd754 chromedriver + 3970900\n   10  chromedriver                        0x00000001005fb8a4 chromedriver + 4094116\n   11  chromedriver                        0x00000001005d06d4 chromedriver + 3917524\n   12  chromedriver                        0x0000000100618b08 chromedriver + 4213512\n   13  chromedriver                        0x0000000100618c84 chromedriver + 4213892\n   14  chromedriver                        0x0000000100626a08 chromedriver + 4270600\n   15  libsystem_pthread.dylib             0x0000000182eaffa8 _pthread_start + 148\n   16  libsystem_pthread.dylib             0x0000000182eaada0 thread_start + 8\n", "test_name": "test_bandcreate", "rerun": "0"}}, "suite_name": "test_web.py"}}}, "date": "July 04, 2024", "start_time": 1720075967.60899, "total_suite": 1, "status": "FAIL", "status_list": {"pass": "7", "fail": "13", "skip": "0", "error": "0", "xpass": "0", "xfail": "0", "rerun": "0"}, "total_tests": "20"}