{"content": {"suites": {"0": {"status": {"total_pass": 11, "total_skip": 0, "total_xpass": 0, "total_xfail": 0, "total_rerun": 0, "total_fail": 5, "total_error": 0}, "tests": {"0": {"status": "PASS", "message": "", "test_name": "test_login", "rerun": "0"}, "1": {"status": "PASS", "message": "", "test_name": "test_bandcreate", "rerun": "0"}, "2": {"status": "FAIL", "message": "", "test_name": "test_bandwrite", "rerun": "0"}, "3": {"status": "PASS", "message": "", "test_name": "test_postedit", "rerun": "0"}, "4": {"status": "PASS", "message": "", "test_name": "test_postcomment", "rerun": "0"}, "5": {"status": "PASS", "message": "", "test_name": "test_commentedit", "rerun": "0"}, "6": {"status": "PASS", "message": "", "test_name": "test_commentdel", "rerun": "0"}, "7": {"status": "PASS", "message": "", "test_name": "test_postdel", "rerun": "0"}, "8": {"status": "PASS", "message": "", "test_name": "test_pollpost", "rerun": "0"}, "9": {"status": "PASS", "message": "", "test_name": "test_polledit", "rerun": "0"}, "10": {"status": "FAIL", "message": "   selenium.common.exceptions.ElementClickInterceptedException: Message: element click intercepted: Element <span class=\"lnbTopMenuItemText\">...</span> is not clickable at point (876, 69). Other element would receive the click: <div class=\"postWriterInfoWrap\">...</div>\n     (Session info: chrome=119.0.6045.159)\n   Stacktrace:\n   0   chromedriver                        0x000000010302a004 chromedriver + 4169732\n   1   chromedriver                        0x0000000103021ff8 chromedriver + 4136952\n   2   chromedriver                        0x0000000102c77500 chromedriver + 292096\n   3   chromedriver                        0x0000000102cc33f8 chromedriver + 603128\n   4   chromedriver                        0x0000000102cc14e4 chromedriver + 595172\n   5   chromedriver                        0x0000000102cbf118 chromedriver + 586008\n   6   chromedriver                        0x0000000102cbe174 chromedriver + 582004\n   7   chromedriver                        0x0000000102cb24f8 chromedriver + 533752\n   8   chromedriver                        0x0000000102cb1db4 chromedriver + 531892\n   9   chromedriver                        0x0000000102cf7818 chromedriver + 817176\n   10  chromedriver                        0x0000000102cb05e8 chromedriver + 525800\n   11  chromedriver                        0x0000000102cb14b8 chromedriver + 529592\n   12  chromedriver                        0x0000000102ff0334 chromedriver + 3932980\n   13  chromedriver                        0x0000000102ff4970 chromedriver + 3950960\n   14  chromedriver                        0x0000000102fd8774 chromedriver + 3835764\n   15  chromedriver                        0x0000000102ff5478 chromedriver + 3953784\n   16  chromedriver                        0x0000000102fcaab4 chromedriver + 3779252\n   17  chromedriver                        0x0000000103011914 chromedriver + 4069652\n   18  chromedriver                        0x0000000103011a90 chromedriver + 4070032\n   19  chromedriver                        0x0000000103021c70 chromedriver + 4136048\n   20  libsystem_pthread.dylib             0x000000019a143fa8 _pthread_start + 148\n   21  libsystem_pthread.dylib             0x000000019a13eda0 thread_start + 8\n", "test_name": "test_calcreate", "rerun": "0"}, "11": {"status": "FAIL", "message": "   selenium.common.exceptions.NoSuchElementException: Message: no such element: Unable to locate element: {\"method\":\"css selector\",\"selector\":\".scheduleEndTime\"}\n     (Session info: chrome=119.0.6045.159)\n   Stacktrace:\n   0   chromedriver                        0x000000010302a004 chromedriver + 4169732\n   1   chromedriver                        0x0000000103021ff8 chromedriver + 4136952\n   2   chromedriver                        0x0000000102c77500 chromedriver + 292096\n   3   chromedriver                        0x0000000102cbc7a0 chromedriver + 575392\n   4   chromedriver                        0x0000000102cf7818 chromedriver + 817176\n   5   chromedriver                        0x0000000102cb05e8 chromedriver + 525800\n   6   chromedriver                        0x0000000102cb14b8 chromedriver + 529592\n   7   chromedriver                        0x0000000102ff0334 chromedriver + 3932980\n   8   chromedriver                        0x0000000102ff4970 chromedriver + 3950960\n   9   chromedriver                        0x0000000102fd8774 chromedriver + 3835764\n   10  chromedriver                        0x0000000102ff5478 chromedriver + 3953784\n   11  chromedriver                        0x0000000102fcaab4 chromedriver + 3779252\n   12  chromedriver                        0x0000000103011914 chromedriver + 4069652\n   13  chromedriver                        0x0000000103011a90 chromedriver + 4070032\n   14  chromedriver                        0x0000000103021c70 chromedriver + 4136048\n   15  libsystem_pthread.dylib             0x000000019a143fa8 _pthread_start + 148\n   16  libsystem_pthread.dylib             0x000000019a13eda0 thread_start + 8\n", "test_name": "test_calchange", "rerun": "0"}, "12": {"status": "FAIL", "message": "", "test_name": "test_calcommentwrite", "rerun": "0"}, "13": {"status": "PASS", "message": "", "test_name": "test_calcommentchange", "rerun": "0"}, "14": {"status": "PASS", "message": "", "test_name": "test_calcommentdel", "rerun": "0"}, "15": {"status": "FAIL", "message": "   selenium.common.exceptions.NoSuchElementException: Message: no such element: Unable to locate element: {\"method\":\"css selector\",\"selector\":\".postSet._moreButton\"}\n     (Session info: chrome=119.0.6045.159)\n   Stacktrace:\n   0   chromedriver                        0x000000010302a004 chromedriver + 4169732\n   1   chromedriver                        0x0000000103021ff8 chromedriver + 4136952\n   2   chromedriver                        0x0000000102c77500 chromedriver + 292096\n   3   chromedriver                        0x0000000102cbc7a0 chromedriver + 575392\n   4   chromedriver                        0x0000000102cf7818 chromedriver + 817176\n   5   chromedriver                        0x0000000102cb05e8 chromedriver + 525800\n   6   chromedriver                        0x0000000102cb14b8 chromedriver + 529592\n   7   chromedriver                        0x0000000102ff0334 chromedriver + 3932980\n   8   chromedriver                        0x0000000102ff4970 chromedriver + 3950960\n   9   chromedriver                        0x0000000102fd8774 chromedriver + 3835764\n   10  chromedriver                        0x0000000102ff5478 chromedriver + 3953784\n   11  chromedriver                        0x0000000102fcaab4 chromedriver + 3779252\n   12  chromedriver                        0x0000000103011914 chromedriver + 4069652\n   13  chromedriver                        0x0000000103011a90 chromedriver + 4070032\n   14  chromedriver                        0x0000000103021c70 chromedriver + 4136048\n   15  libsystem_pthread.dylib             0x000000019a143fa8 _pthread_start + 148\n   16  libsystem_pthread.dylib             0x000000019a13eda0 thread_start + 8\n", "test_name": "test_caldel", "rerun": "0"}}, "suite_name": "test_web.py"}}}, "date": "February 27, 2024", "start_time": 1709021920.346745, "total_suite": 1, "status": "FAIL", "status_list": {"pass": "11", "fail": "5", "skip": "0", "error": "0", "xpass": "0", "xfail": "0", "rerun": "0"}, "total_tests": "16"}