{"content": {"suites": {"0": {"status": {"total_pass": 11, "total_skip": 0, "total_xpass": 0, "total_xfail": 0, "total_rerun": 0, "total_fail": 3, "total_error": 0}, "tests": {"0": {"status": "FAIL", "message": "   selenium.common.exceptions.TimeoutException: Message: \n   Stacktrace:\n   0   chromedriver                        0x00000001051aa004 chromedriver + 4169732\n   1   chromedriver                        0x00000001051a1ff8 chromedriver + 4136952\n   2   chromedriver                        0x0000000104df7500 chromedriver + 292096\n   3   chromedriver                        0x0000000104e3c7a0 chromedriver + 575392\n   4   chromedriver                        0x0000000104e77818 chromedriver + 817176\n   5   chromedriver                        0x0000000104e305e8 chromedriver + 525800\n   6   chromedriver                        0x0000000104e314b8 chromedriver + 529592\n   7   chromedriver                        0x0000000105170334 chromedriver + 3932980\n   8   chromedriver                        0x0000000105174970 chromedriver + 3950960\n   9   chromedriver                        0x0000000105158774 chromedriver + 3835764\n   10  chromedriver                        0x0000000105175478 chromedriver + 3953784\n   11  chromedriver                        0x000000010514aab4 chromedriver + 3779252\n   12  chromedriver                        0x0000000105191914 chromedriver + 4069652\n   13  chromedriver                        0x0000000105191a90 chromedriver + 4070032\n   14  chromedriver                        0x00000001051a1c70 chromedriver + 4136048\n   15  libsystem_pthread.dylib             0x000000019cd97fa8 _pthread_start + 148\n   16  libsystem_pthread.dylib             0x000000019cd92da0 thread_start + 8\n", "test_name": "test_login", "rerun": "0"}, "1": {"status": "PASS", "message": "", "test_name": "test_bandcreate", "rerun": "0"}, "2": {"status": "FAIL", "message": "   AssertionError: assert 'python selenium autotest' == 'python selen...totest ?fail?'\n     \n     - python selenium autotest ?fail?\n     ?                         -------\n     + python selenium autotest\n", "test_name": "test_bandwrite", "rerun": "0"}, "3": {"status": "PASS", "message": "", "test_name": "test_postedit", "rerun": "0"}, "4": {"status": "PASS", "message": "", "test_name": "test_postcomment", "rerun": "0"}, "5": {"status": "PASS", "message": "", "test_name": "test_commentedit", "rerun": "0"}, "6": {"status": "PASS", "message": "", "test_name": "test_commentdel", "rerun": "0"}, "7": {"status": "PASS", "message": "", "test_name": "test_postdel", "rerun": "0"}, "8": {"status": "PASS", "message": "", "test_name": "test_calcreate", "rerun": "0"}, "9": {"status": "PASS", "message": "", "test_name": "test_calchange", "rerun": "0"}, "10": {"status": "FAIL", "message": "   AssertionError: assert 'comment write test' == 'comment writ...st fail test?'\n     \n     - comment write test fail test?\n     ?                   -----------\n     + comment write test\n", "test_name": "test_calcommentwrite", "rerun": "0"}, "11": {"status": "PASS", "message": "", "test_name": "test_calcommentchange", "rerun": "0"}, "12": {"status": "PASS", "message": "", "test_name": "test_calcommentdel", "rerun": "0"}, "13": {"status": "PASS", "message": "", "test_name": "test_caldel", "rerun": "0"}}, "suite_name": "main.py"}}}, "date": "February 07, 2024", "start_time": 1707299501.780842, "total_suite": 1, "status": "FAIL", "status_list": {"pass": "11", "fail": "3", "skip": "0", "error": "0", "xpass": "0", "xfail": "0", "rerun": "0"}, "total_tests": "14"}