{"content": {"suites": {"0": {"status": {"total_pass": 0, "total_skip": 0, "total_xpass": 0, "total_xfail": 0, "total_rerun": 0, "total_fail": 2, "total_error": 0}, "tests": {"0": {"status": "FAIL", "message": "       selenium.common.exceptions.UnexpectedAlertPresentException: Alert Text: \uc77c\uc2dc\uc801\uc778 \uc624\ub958\uc785\ub2c8\ub2e4.\n       Message: unexpected alert open: {Alert text : \uc77c\uc2dc\uc801\uc778 \uc624\ub958\uc785\ub2c8\ub2e4.}\n         (Session info: chrome=119.0.6045.159)\n       Stacktrace:\n       0   chromedriver                        0x00000001046ee004 chromedriver + 4169732\n       1   chromedriver                        0x00000001046e5ff8 chromedriver + 4136952\n       2   chromedriver                        0x000000010433b500 chromedriver + 292096\n       3   chromedriver                        0x00000001043bbc68 chromedriver + 818280\n       4   chromedriver                        0x00000001043745e8 chromedriver + 525800\n       5   chromedriver                        0x00000001043754b8 chromedriver + 529592\n       6   chromedriver                        0x00000001046b4334 chromedriver + 3932980\n       7   chromedriver                        0x00000001046b8970 chromedriver + 3950960\n       8   chromedriver                        0x000000010469c774 chromedriver + 3835764\n       9   chromedriver                        0x00000001046b9478 chromedriver + 3953784\n       10  chromedriver                        0x000000010468eab4 chromedriver + 3779252\n       11  chromedriver                        0x00000001046d5914 chromedriver + 4069652\n       12  chromedriver                        0x00000001046d5a90 chromedriver + 4070032\n       13  chromedriver                        0x00000001046e5c70 chromedriver + 4136048\n       14  libsystem_pthread.dylib             0x000000018ef1ffa8 _pthread_start + 148\n       15  libsystem_pthread.dylib             0x000000018ef1ada0 thread_start + 8\n", "test_name": "test_login", "rerun": "0"}, "1": {"status": "FAIL", "message": "   selenium.common.exceptions.NoSuchElementException: Message: no such element: Unable to locate element: {\"method\":\"css selector\",\"selector\":\".bandCreate._link\"}\n     (Session info: chrome=119.0.6045.159)\n   Stacktrace:\n   0   chromedriver                        0x00000001046ee004 chromedriver + 4169732\n   1   chromedriver                        0x00000001046e5ff8 chromedriver + 4136952\n   2   chromedriver                        0x000000010433b500 chromedriver + 292096\n   3   chromedriver                        0x00000001043807a0 chromedriver + 575392\n   4   chromedriver                        0x00000001043bb818 chromedriver + 817176\n   5   chromedriver                        0x00000001043745e8 chromedriver + 525800\n   6   chromedriver                        0x00000001043754b8 chromedriver + 529592\n   7   chromedriver                        0x00000001046b4334 chromedriver + 3932980\n   8   chromedriver                        0x00000001046b8970 chromedriver + 3950960\n   9   chromedriver                        0x000000010469c774 chromedriver + 3835764\n   10  chromedriver                        0x00000001046b9478 chromedriver + 3953784\n   11  chromedriver                        0x000000010468eab4 chromedriver + 3779252\n   12  chromedriver                        0x00000001046d5914 chromedriver + 4069652\n   13  chromedriver                        0x00000001046d5a90 chromedriver + 4070032\n   14  chromedriver                        0x00000001046e5c70 chromedriver + 4136048\n   15  libsystem_pthread.dylib             0x000000018ef1ffa8 _pthread_start + 148\n   16  libsystem_pthread.dylib             0x000000018ef1ada0 thread_start + 8\n", "test_name": "test_bandcreate", "rerun": "0"}}, "suite_name": "test_web.py"}}}, "date": "March 07, 2024", "start_time": 1709804092.735795, "total_suite": 1, "status": "FAIL", "status_list": {"pass": "0", "fail": "2", "skip": "0", "error": "0", "xpass": "0", "xfail": "0", "rerun": "0"}, "total_tests": "2"}