{"content": {"suites": {"0": {"status": {"total_pass": 0, "total_skip": 0, "total_xpass": 0, "total_xfail": 0, "total_rerun": 0, "total_fail": 5, "total_error": 0}, "tests": {"0": {"status": "FAIL", "message": "   selenium.common.exceptions.TimeoutException: Message: \n   Stacktrace:\n   0   chromedriver                        0x0000000100512004 chromedriver + 4169732\n   1   chromedriver                        0x0000000100509ff8 chromedriver + 4136952\n   2   chromedriver                        0x000000010015f500 chromedriver + 292096\n   3   chromedriver                        0x00000001001a47a0 chromedriver + 575392\n   4   chromedriver                        0x00000001001df818 chromedriver + 817176\n   5   chromedriver                        0x00000001001985e8 chromedriver + 525800\n   6   chromedriver                        0x00000001001994b8 chromedriver + 529592\n   7   chromedriver                        0x00000001004d8334 chromedriver + 3932980\n   8   chromedriver                        0x00000001004dc970 chromedriver + 3950960\n   9   chromedriver                        0x00000001004c0774 chromedriver + 3835764\n   10  chromedriver                        0x00000001004dd478 chromedriver + 3953784\n   11  chromedriver                        0x00000001004b2ab4 chromedriver + 3779252\n   12  chromedriver                        0x00000001004f9914 chromedriver + 4069652\n   13  chromedriver                        0x00000001004f9a90 chromedriver + 4070032\n   14  chromedriver                        0x0000000100509c70 chromedriver + 4136048\n   15  libsystem_pthread.dylib             0x0000000184e93fa8 _pthread_start + 148\n   16  libsystem_pthread.dylib             0x0000000184e8eda0 thread_start + 8\n", "test_name": "test_login", "rerun": "0"}, "1": {"status": "FAIL", "message": "   selenium.common.exceptions.NoSuchElementException: Message: no such element: Unable to locate element: {\"method\":\"css selector\",\"selector\":\".btnOption._linkGuideBand\"}\n     (Session info: chrome=119.0.6045.159)\n   Stacktrace:\n   0   chromedriver                        0x0000000100512004 chromedriver + 4169732\n   1   chromedriver                        0x0000000100509ff8 chromedriver + 4136952\n   2   chromedriver                        0x000000010015f500 chromedriver + 292096\n   3   chromedriver                        0x00000001001a47a0 chromedriver + 575392\n   4   chromedriver                        0x00000001001df818 chromedriver + 817176\n   5   chromedriver                        0x00000001001985e8 chromedriver + 525800\n   6   chromedriver                        0x00000001001994b8 chromedriver + 529592\n   7   chromedriver                        0x00000001004d8334 chromedriver + 3932980\n   8   chromedriver                        0x00000001004dc970 chromedriver + 3950960\n   9   chromedriver                        0x00000001004c0774 chromedriver + 3835764\n   10  chromedriver                        0x00000001004dd478 chromedriver + 3953784\n   11  chromedriver                        0x00000001004b2ab4 chromedriver + 3779252\n   12  chromedriver                        0x00000001004f9914 chromedriver + 4069652\n   13  chromedriver                        0x00000001004f9a90 chromedriver + 4070032\n   14  chromedriver                        0x0000000100509c70 chromedriver + 4136048\n   15  libsystem_pthread.dylib             0x0000000184e93fa8 _pthread_start + 148\n   16  libsystem_pthread.dylib             0x0000000184e8eda0 thread_start + 8\n", "test_name": "test_bandmainlink", "rerun": "0"}, "2": {"status": "FAIL", "message": "   IndexError: list index out of range\n", "test_name": "test_mainpopular", "rerun": "0"}, "3": {"status": "FAIL", "message": "   selenium.common.exceptions.NoSuchElementException: Message: no such element: Unable to locate element: {\"method\":\"css selector\",\"selector\":\".discoverBandList\"}\n     (Session info: chrome=119.0.6045.159)\n   Stacktrace:\n   0   chromedriver                        0x0000000100512004 chromedriver + 4169732\n   1   chromedriver                        0x0000000100509ff8 chromedriver + 4136952\n   2   chromedriver                        0x000000010015f500 chromedriver + 292096\n   3   chromedriver                        0x00000001001a47a0 chromedriver + 575392\n   4   chromedriver                        0x00000001001df818 chromedriver + 817176\n   5   chromedriver                        0x00000001001985e8 chromedriver + 525800\n   6   chromedriver                        0x00000001001994b8 chromedriver + 529592\n   7   chromedriver                        0x00000001004d8334 chromedriver + 3932980\n   8   chromedriver                        0x00000001004dc970 chromedriver + 3950960\n   9   chromedriver                        0x00000001004c0774 chromedriver + 3835764\n   10  chromedriver                        0x00000001004dd478 chromedriver + 3953784\n   11  chromedriver                        0x00000001004b2ab4 chromedriver + 3779252\n   12  chromedriver                        0x00000001004f9914 chromedriver + 4069652\n   13  chromedriver                        0x00000001004f9a90 chromedriver + 4070032\n   14  chromedriver                        0x0000000100509c70 chromedriver + 4136048\n   15  libsystem_pthread.dylib             0x0000000184e93fa8 _pthread_start + 148\n   16  libsystem_pthread.dylib             0x0000000184e8eda0 thread_start + 8\n", "test_name": "test_maindiscover", "rerun": "0"}, "4": {"status": "FAIL", "message": "   selenium.common.exceptions.NoSuchElementException: Message: no such element: Unable to locate element: {\"method\":\"css selector\",\"selector\":\".copyMenuListItem\"}\n     (Session info: chrome=119.0.6045.159)\n   Stacktrace:\n   0   chromedriver                        0x0000000100512004 chromedriver + 4169732\n   1   chromedriver                        0x0000000100509ff8 chromedriver + 4136952\n   2   chromedriver                        0x000000010015f500 chromedriver + 292096\n   3   chromedriver                        0x00000001001a47a0 chromedriver + 575392\n   4   chromedriver                        0x00000001001df818 chromedriver + 817176\n   5   chromedriver                        0x00000001001985e8 chromedriver + 525800\n   6   chromedriver                        0x00000001001994b8 chromedriver + 529592\n   7   chromedriver                        0x00000001004d8334 chromedriver + 3932980\n   8   chromedriver                        0x00000001004dc970 chromedriver + 3950960\n   9   chromedriver                        0x00000001004c0774 chromedriver + 3835764\n   10  chromedriver                        0x00000001004dd478 chromedriver + 3953784\n   11  chromedriver                        0x00000001004b2ab4 chromedriver + 3779252\n   12  chromedriver                        0x00000001004f9914 chromedriver + 4069652\n   13  chromedriver                        0x00000001004f9a90 chromedriver + 4070032\n   14  chromedriver                        0x0000000100509c70 chromedriver + 4136048\n   15  libsystem_pthread.dylib             0x0000000184e93fa8 _pthread_start + 148\n   16  libsystem_pthread.dylib             0x0000000184e8eda0 thread_start + 8\n", "test_name": "test_topbutton", "rerun": "0"}}, "suite_name": "test_web.py"}}}, "date": "May 02, 2024", "start_time": 1714637073.0909078, "total_suite": 1, "status": "FAIL", "status_list": {"pass": "0", "fail": "5", "skip": "0", "error": "0", "xpass": "0", "xfail": "0", "rerun": "0"}, "total_tests": "5"}