{"content": {"suites": {"0": {"status": {"total_pass": 2, "total_skip": 0, "total_xpass": 0, "total_xfail": 0, "total_rerun": 0, "total_fail": 2, "total_error": 0}, "tests": {"0": {"status": "FAIL", "message": "       selenium.common.exceptions.UnexpectedAlertPresentException: Alert Text: \uc77c\uc2dc\uc801\uc778 \uc624\ub958\uc785\ub2c8\ub2e4.\n       Message: unexpected alert open: {Alert text : \uc77c\uc2dc\uc801\uc778 \uc624\ub958\uc785\ub2c8\ub2e4.}\n         (Session info: chrome=119.0.6045.159)\n       Stacktrace:\n       0   chromedriver                        0x0000000104d46004 chromedriver + 4169732\n       1   chromedriver                        0x0000000104d3dff8 chromedriver + 4136952\n       2   chromedriver                        0x0000000104993500 chromedriver + 292096\n       3   chromedriver                        0x0000000104a13c68 chromedriver + 818280\n       4   chromedriver                        0x00000001049cc5e8 chromedriver + 525800\n       5   chromedriver                        0x00000001049cd4b8 chromedriver + 529592\n       6   chromedriver                        0x0000000104d0c334 chromedriver + 3932980\n       7   chromedriver                        0x0000000104d10970 chromedriver + 3950960\n       8   chromedriver                        0x0000000104cf4774 chromedriver + 3835764\n       9   chromedriver                        0x0000000104d11478 chromedriver + 3953784\n       10  chromedriver                        0x0000000104ce6ab4 chromedriver + 3779252\n       11  chromedriver                        0x0000000104d2d914 chromedriver + 4069652\n       12  chromedriver                        0x0000000104d2da90 chromedriver + 4070032\n       13  chromedriver                        0x0000000104d3dc70 chromedriver + 4136048\n       14  libsystem_pthread.dylib             0x00000001abeeffa8 _pthread_start + 148\n       15  libsystem_pthread.dylib             0x00000001abeeada0 thread_start + 8\n", "test_name": "test_login", "rerun": "0"}, "1": {"status": "PASS", "message": "", "test_name": "test_bandcreate", "rerun": "0"}, "2": {"status": "FAIL", "message": "   AssertionError: assert 'python selenium autotest' == 'python selen...totest ?fail?'\n     \n     - python selenium autotest ?fail?\n     ?                         -------\n     + python selenium autotest\n", "test_name": "test_bandwrite", "rerun": "0"}, "3": {"status": "PASS", "message": "", "test_name": "test_postedit", "rerun": "0"}}, "suite_name": "main.py"}}}, "date": "February 15, 2024", "start_time": 1707987841.4774458, "total_suite": 1, "status": "FAIL", "status_list": {"pass": "2", "fail": "2", "skip": "0", "error": "0", "xpass": "0", "xfail": "0", "rerun": "0"}, "total_tests": "4"}