{"content": {"suites": {"0": {"status": {"total_pass": 0, "total_skip": 0, "total_xpass": 0, "total_xfail": 0, "total_rerun": 0, "total_fail": 4, "total_error": 0}, "tests": {"0": {"status": "FAIL", "message": "   selenium.common.exceptions.TimeoutException: Message: \n   Stacktrace:\n   0   chromedriver                        0x00000001045ea004 chromedriver + 4169732\n   1   chromedriver                        0x00000001045e1ff8 chromedriver + 4136952\n   2   chromedriver                        0x0000000104237500 chromedriver + 292096\n   3   chromedriver                        0x000000010427c7a0 chromedriver + 575392\n   4   chromedriver                        0x00000001042b7818 chromedriver + 817176\n   5   chromedriver                        0x00000001042705e8 chromedriver + 525800\n   6   chromedriver                        0x00000001042714b8 chromedriver + 529592\n   7   chromedriver                        0x00000001045b0334 chromedriver + 3932980\n   8   chromedriver                        0x00000001045b4970 chromedriver + 3950960\n   9   chromedriver                        0x0000000104598774 chromedriver + 3835764\n   10  chromedriver                        0x00000001045b5478 chromedriver + 3953784\n   11  chromedriver                        0x000000010458aab4 chromedriver + 3779252\n   12  chromedriver                        0x00000001045d1914 chromedriver + 4069652\n   13  chromedriver                        0x00000001045d1a90 chromedriver + 4070032\n   14  chromedriver                        0x00000001045e1c70 chromedriver + 4136048\n   15  libsystem_pthread.dylib             0x00000001abeeffa8 _pthread_start + 148\n   16  libsystem_pthread.dylib             0x00000001abeeada0 thread_start + 8\n", "test_name": "test_login", "rerun": "0"}, "1": {"status": "FAIL", "message": "   selenium.common.exceptions.NoSuchElementException: Message: no such element: Unable to locate element: {\"method\":\"css selector\",\"selector\":\".bandCreate._link\"}\n     (Session info: chrome=119.0.6045.159)\n   Stacktrace:\n   0   chromedriver                        0x00000001045ea004 chromedriver + 4169732\n   1   chromedriver                        0x00000001045e1ff8 chromedriver + 4136952\n   2   chromedriver                        0x0000000104237500 chromedriver + 292096\n   3   chromedriver                        0x000000010427c7a0 chromedriver + 575392\n   4   chromedriver                        0x00000001042b7818 chromedriver + 817176\n   5   chromedriver                        0x00000001042705e8 chromedriver + 525800\n   6   chromedriver                        0x00000001042714b8 chromedriver + 529592\n   7   chromedriver                        0x00000001045b0334 chromedriver + 3932980\n   8   chromedriver                        0x00000001045b4970 chromedriver + 3950960\n   9   chromedriver                        0x0000000104598774 chromedriver + 3835764\n   10  chromedriver                        0x00000001045b5478 chromedriver + 3953784\n   11  chromedriver                        0x000000010458aab4 chromedriver + 3779252\n   12  chromedriver                        0x00000001045d1914 chromedriver + 4069652\n   13  chromedriver                        0x00000001045d1a90 chromedriver + 4070032\n   14  chromedriver                        0x00000001045e1c70 chromedriver + 4136048\n   15  libsystem_pthread.dylib             0x00000001abeeffa8 _pthread_start + 148\n   16  libsystem_pthread.dylib             0x00000001abeeada0 thread_start + 8\n", "test_name": "test_bandcreate", "rerun": "0"}, "2": {"status": "FAIL", "message": "   selenium.common.exceptions.NoSuchElementException: Message: no such element: Unable to locate element: {\"method\":\"css selector\",\"selector\":\".uButton.-sizeL.-confirm.sf_bg._btnPostWrite\"}\n     (Session info: chrome=119.0.6045.159)\n   Stacktrace:\n   0   chromedriver                        0x00000001045ea004 chromedriver + 4169732\n   1   chromedriver                        0x00000001045e1ff8 chromedriver + 4136952\n   2   chromedriver                        0x0000000104237500 chromedriver + 292096\n   3   chromedriver                        0x000000010427c7a0 chromedriver + 575392\n   4   chromedriver                        0x00000001042b7818 chromedriver + 817176\n   5   chromedriver                        0x00000001042705e8 chromedriver + 525800\n   6   chromedriver                        0x00000001042714b8 chromedriver + 529592\n   7   chromedriver                        0x00000001045b0334 chromedriver + 3932980\n   8   chromedriver                        0x00000001045b4970 chromedriver + 3950960\n   9   chromedriver                        0x0000000104598774 chromedriver + 3835764\n   10  chromedriver                        0x00000001045b5478 chromedriver + 3953784\n   11  chromedriver                        0x000000010458aab4 chromedriver + 3779252\n   12  chromedriver                        0x00000001045d1914 chromedriver + 4069652\n   13  chromedriver                        0x00000001045d1a90 chromedriver + 4070032\n   14  chromedriver                        0x00000001045e1c70 chromedriver + 4136048\n   15  libsystem_pthread.dylib             0x00000001abeeffa8 _pthread_start + 148\n   16  libsystem_pthread.dylib             0x00000001abeeada0 thread_start + 8\n", "test_name": "test_bandwrite", "rerun": "0"}, "3": {"status": "FAIL", "message": "   selenium.common.exceptions.NoSuchElementException: Message: no such element: Unable to locate element: {\"method\":\"css selector\",\"selector\":\".postMain\"}\n     (Session info: chrome=119.0.6045.159)\n   Stacktrace:\n   0   chromedriver                        0x00000001045ea004 chromedriver + 4169732\n   1   chromedriver                        0x00000001045e1ff8 chromedriver + 4136952\n   2   chromedriver                        0x0000000104237500 chromedriver + 292096\n   3   chromedriver                        0x000000010427c7a0 chromedriver + 575392\n   4   chromedriver                        0x00000001042b7818 chromedriver + 817176\n   5   chromedriver                        0x00000001042705e8 chromedriver + 525800\n   6   chromedriver                        0x00000001042714b8 chromedriver + 529592\n   7   chromedriver                        0x00000001045b0334 chromedriver + 3932980\n   8   chromedriver                        0x00000001045b4970 chromedriver + 3950960\n   9   chromedriver                        0x0000000104598774 chromedriver + 3835764\n   10  chromedriver                        0x00000001045b5478 chromedriver + 3953784\n   11  chromedriver                        0x000000010458aab4 chromedriver + 3779252\n   12  chromedriver                        0x00000001045d1914 chromedriver + 4069652\n   13  chromedriver                        0x00000001045d1a90 chromedriver + 4070032\n   14  chromedriver                        0x00000001045e1c70 chromedriver + 4136048\n   15  libsystem_pthread.dylib             0x00000001abeeffa8 _pthread_start + 148\n   16  libsystem_pthread.dylib             0x00000001abeeada0 thread_start + 8\n", "test_name": "test_postedit", "rerun": "0"}}, "suite_name": "test_web.py"}}}, "date": "February 15, 2024", "start_time": 1707990265.966799, "total_suite": 1, "status": "FAIL", "status_list": {"pass": "0", "fail": "4", "skip": "0", "error": "0", "xpass": "0", "xfail": "0", "rerun": "0"}, "total_tests": "4"}