{"content": {"suites": {"0": {"status": {"total_pass": 0, "total_skip": 0, "total_xpass": 0, "total_xfail": 0, "total_rerun": 0, "total_fail": 8, "total_error": 0}, "tests": {"0": {"status": "FAIL", "message": "   selenium.common.exceptions.NoSuchElementException: Message: no such element: Unable to locate element: {\"method\":\"css selector\",\"selector\":\".bandCreate._link\"}\n     (Session info: chrome=119.0.6045.159)\n   Stacktrace:\n   0   chromedriver                        0x00000001008b6004 chromedriver + 4169732\n   1   chromedriver                        0x00000001008adff8 chromedriver + 4136952\n   2   chromedriver                        0x0000000100503500 chromedriver + 292096\n   3   chromedriver                        0x00000001005487a0 chromedriver + 575392\n   4   chromedriver                        0x0000000100583818 chromedriver + 817176\n   5   chromedriver                        0x000000010053c5e8 chromedriver + 525800\n   6   chromedriver                        0x000000010053d4b8 chromedriver + 529592\n   7   chromedriver                        0x000000010087c334 chromedriver + 3932980\n   8   chromedriver                        0x0000000100880970 chromedriver + 3950960\n   9   chromedriver                        0x0000000100864774 chromedriver + 3835764\n   10  chromedriver                        0x0000000100881478 chromedriver + 3953784\n   11  chromedriver                        0x0000000100856ab4 chromedriver + 3779252\n   12  chromedriver                        0x000000010089d914 chromedriver + 4069652\n   13  chromedriver                        0x000000010089da90 chromedriver + 4070032\n   14  chromedriver                        0x00000001008adc70 chromedriver + 4136048\n   15  libsystem_pthread.dylib             0x0000000184fcbfa8 _pthread_start + 148\n   16  libsystem_pthread.dylib             0x0000000184fc6da0 thread_start + 8\n", "test_name": "test_bandcreate", "rerun": "0"}, "1": {"status": "FAIL", "message": "   selenium.common.exceptions.NoSuchElementException: Message: no such element: Unable to locate element: {\"method\":\"css selector\",\"selector\":\".uButton.-sizeL.-confirm.sf_bg._btnPostWrite\"}\n     (Session info: chrome=119.0.6045.159)\n   Stacktrace:\n   0   chromedriver                        0x0000000100686004 chromedriver + 4169732\n   1   chromedriver                        0x000000010067dff8 chromedriver + 4136952\n   2   chromedriver                        0x00000001002d3500 chromedriver + 292096\n   3   chromedriver                        0x00000001003187a0 chromedriver + 575392\n   4   chromedriver                        0x0000000100353818 chromedriver + 817176\n   5   chromedriver                        0x000000010030c5e8 chromedriver + 525800\n   6   chromedriver                        0x000000010030d4b8 chromedriver + 529592\n   7   chromedriver                        0x000000010064c334 chromedriver + 3932980\n   8   chromedriver                        0x0000000100650970 chromedriver + 3950960\n   9   chromedriver                        0x0000000100634774 chromedriver + 3835764\n   10  chromedriver                        0x0000000100651478 chromedriver + 3953784\n   11  chromedriver                        0x0000000100626ab4 chromedriver + 3779252\n   12  chromedriver                        0x000000010066d914 chromedriver + 4069652\n   13  chromedriver                        0x000000010066da90 chromedriver + 4070032\n   14  chromedriver                        0x000000010067dc70 chromedriver + 4136048\n   15  libsystem_pthread.dylib             0x0000000184fcbfa8 _pthread_start + 148\n   16  libsystem_pthread.dylib             0x0000000184fc6da0 thread_start + 8\n", "test_name": "test_bandwrite", "rerun": "0"}, "2": {"status": "FAIL", "message": "   IndexError: list index out of range\n", "test_name": "test_commentdel", "rerun": "0"}, "3": {"status": "FAIL", "message": "   IndexError: list index out of range\n", "test_name": "test_commentedit", "rerun": "0"}, "4": {"status": "FAIL", "message": "   AttributeError: 'TestBand' object has no attribute 'driver'\n", "test_name": "test_login", "rerun": "0"}, "5": {"status": "FAIL", "message": "   selenium.common.exceptions.NoSuchElementException: Message: no such element: Unable to locate element: {\"method\":\"css selector\",\"selector\":\".commentWrite._use_keyup_event._messageTextArea\"}\n     (Session info: chrome=119.0.6045.159)\n   Stacktrace:\n   0   chromedriver                        0x0000000101176004 chromedriver + 4169732\n   1   chromedriver                        0x000000010116dff8 chromedriver + 4136952\n   2   chromedriver                        0x0000000100dc3500 chromedriver + 292096\n   3   chromedriver                        0x0000000100e087a0 chromedriver + 575392\n   4   chromedriver                        0x0000000100e43818 chromedriver + 817176\n   5   chromedriver                        0x0000000100dfc5e8 chromedriver + 525800\n   6   chromedriver                        0x0000000100dfd4b8 chromedriver + 529592\n   7   chromedriver                        0x000000010113c334 chromedriver + 3932980\n   8   chromedriver                        0x0000000101140970 chromedriver + 3950960\n   9   chromedriver                        0x0000000101124774 chromedriver + 3835764\n   10  chromedriver                        0x0000000101141478 chromedriver + 3953784\n   11  chromedriver                        0x0000000101116ab4 chromedriver + 3779252\n   12  chromedriver                        0x000000010115d914 chromedriver + 4069652\n   13  chromedriver                        0x000000010115da90 chromedriver + 4070032\n   14  chromedriver                        0x000000010116dc70 chromedriver + 4136048\n   15  libsystem_pthread.dylib             0x0000000184fcbfa8 _pthread_start + 148\n   16  libsystem_pthread.dylib             0x0000000184fc6da0 thread_start + 8\n", "test_name": "test_postcomment", "rerun": "0"}, "6": {"status": "FAIL", "message": "   IndexError: list index out of range\n", "test_name": "test_postdel", "rerun": "0"}, "7": {"status": "FAIL", "message": "   selenium.common.exceptions.NoSuchElementException: Message: no such element: Unable to locate element: {\"method\":\"css selector\",\"selector\":\".postMain\"}\n     (Session info: chrome=119.0.6045.159)\n   Stacktrace:\n   0   chromedriver                        0x0000000102dd6004 chromedriver + 4169732\n   1   chromedriver                        0x0000000102dcdff8 chromedriver + 4136952\n   2   chromedriver                        0x0000000102a23500 chromedriver + 292096\n   3   chromedriver                        0x0000000102a687a0 chromedriver + 575392\n   4   chromedriver                        0x0000000102aa3818 chromedriver + 817176\n   5   chromedriver                        0x0000000102a5c5e8 chromedriver + 525800\n   6   chromedriver                        0x0000000102a5d4b8 chromedriver + 529592\n   7   chromedriver                        0x0000000102d9c334 chromedriver + 3932980\n   8   chromedriver                        0x0000000102da0970 chromedriver + 3950960\n   9   chromedriver                        0x0000000102d84774 chromedriver + 3835764\n   10  chromedriver                        0x0000000102da1478 chromedriver + 3953784\n   11  chromedriver                        0x0000000102d76ab4 chromedriver + 3779252\n   12  chromedriver                        0x0000000102dbd914 chromedriver + 4069652\n   13  chromedriver                        0x0000000102dbda90 chromedriver + 4070032\n   14  chromedriver                        0x0000000102dcdc70 chromedriver + 4136048\n   15  libsystem_pthread.dylib             0x0000000184fcbfa8 _pthread_start + 148\n   16  libsystem_pthread.dylib             0x0000000184fc6da0 thread_start + 8\n", "test_name": "test_postedit", "rerun": "0"}}, "suite_name": "main.py"}}}, "date": "February 14, 2024", "start_time": 1707903473.542134, "total_suite": 1, "status": "FAIL", "status_list": {"pass": "0", "fail": "8", "skip": "0", "error": "0", "xpass": "0", "xfail": "0", "rerun": "0"}, "total_tests": "8"}