{"content": {"suites": {"0": {"status": {"total_pass": 12, "total_skip": 0, "total_xpass": 0, "total_xfail": 0, "total_rerun": 0, "total_fail": 2, "total_error": 0}, "tests": {"0": {"status": "PASS", "message": "", "test_name": "test_001_login", "rerun": "0"}, "1": {"status": "PASS", "message": "", "test_name": "test_002_bandmainlink", "rerun": "0"}, "2": {"status": "PASS", "message": "", "test_name": "test_003_mainpopular", "rerun": "0"}, "3": {"status": "PASS", "message": "", "test_name": "test_004_maindiscover", "rerun": "0"}, "4": {"status": "PASS", "message": "", "test_name": "test_005_topbutton", "rerun": "0"}, "5": {"status": "PASS", "message": "", "test_name": "test_006_footer", "rerun": "0"}, "6": {"status": "PASS", "message": "", "test_name": "test_007_missiontab", "rerun": "0"}, "7": {"status": "PASS", "message": "", "test_name": "test_008_missioncard", "rerun": "0"}, "8": {"status": "PASS", "message": "", "test_name": "test_009_missionstats", "rerun": "0"}, "9": {"status": "PASS", "message": "", "test_name": "test_010_missionchallengelist", "rerun": "0"}, "10": {"status": "PASS", "message": "", "test_name": "test_011_searchsection", "rerun": "0"}, "11": {"status": "PASS", "message": "", "test_name": "test_012_searchpopular", "rerun": "0"}, "12": {"status": "FAIL", "message": "   selenium.common.exceptions.JavascriptException: Message: javascript error: {\"status\":32,\"value\":\"An invalid or illegal selector was specified\"}\n     (Session info: chrome=125.0.6422.77)\n   Stacktrace:\n   0   chromedriver                        0x00000001029e24c8 chromedriver + 4302024\n   1   chromedriver                        0x00000001029dae10 chromedriver + 4271632\n   2   chromedriver                        0x000000010260c19c chromedriver + 278940\n   3   chromedriver                        0x000000010261066c chromedriver + 296556\n   4   chromedriver                        0x00000001026124e8 chromedriver + 304360\n   5   chromedriver                        0x0000000102612560 chromedriver + 304480\n   6   chromedriver                        0x000000010264e3c0 chromedriver + 549824\n   7   chromedriver                        0x000000010264485c chromedriver + 510044\n   8   chromedriver                        0x0000000102686c5c chromedriver + 781404\n   9   chromedriver                        0x0000000102643004 chromedriver + 503812\n   10  chromedriver                        0x00000001026439ec chromedriver + 506348\n   11  chromedriver                        0x00000001029aa510 chromedriver + 4072720\n   12  chromedriver                        0x00000001029aefbc chromedriver + 4091836\n   13  chromedriver                        0x0000000102991754 chromedriver + 3970900\n   14  chromedriver                        0x00000001029af8a4 chromedriver + 4094116\n   15  chromedriver                        0x00000001029846d4 chromedriver + 3917524\n   16  chromedriver                        0x00000001029ccb08 chromedriver + 4213512\n   17  chromedriver                        0x00000001029ccc84 chromedriver + 4213892\n   18  chromedriver                        0x00000001029daa08 chromedriver + 4270600\n   19  libsystem_pthread.dylib             0x0000000182eaffa8 _pthread_start + 148\n   20  libsystem_pthread.dylib             0x0000000182eaada0 thread_start + 8\n", "test_name": "test_014_searchpage", "rerun": "0"}, "13": {"status": "FAIL", "message": "   selenium.common.exceptions.NoSuchElementException: Message: no such element: Unable to locate element: {\"method\":\"css selector\",\"selector\":\".missionBand\"}\n     (Session info: chrome=125.0.6422.77); For documentation on this error, please visit: https://www.selenium.dev/documentation/webdriver/troubleshooting/errors#no-such-element-exception\n   Stacktrace:\n   0   chromedriver                        0x00000001029e24c8 chromedriver + 4302024\n   1   chromedriver                        0x00000001029dae10 chromedriver + 4271632\n   2   chromedriver                        0x000000010260c19c chromedriver + 278940\n   3   chromedriver                        0x000000010264e2c4 chromedriver + 549572\n   4   chromedriver                        0x0000000102686c5c chromedriver + 781404\n   5   chromedriver                        0x0000000102643004 chromedriver + 503812\n   6   chromedriver                        0x00000001026439ec chromedriver + 506348\n   7   chromedriver                        0x00000001029aa510 chromedriver + 4072720\n   8   chromedriver                        0x00000001029aefbc chromedriver + 4091836\n   9   chromedriver                        0x0000000102991754 chromedriver + 3970900\n   10  chromedriver                        0x00000001029af8a4 chromedriver + 4094116\n   11  chromedriver                        0x00000001029846d4 chromedriver + 3917524\n   12  chromedriver                        0x00000001029ccb08 chromedriver + 4213512\n   13  chromedriver                        0x00000001029ccc84 chromedriver + 4213892\n   14  chromedriver                        0x00000001029daa08 chromedriver + 4270600\n   15  libsystem_pthread.dylib             0x0000000182eaffa8 _pthread_start + 148\n   16  libsystem_pthread.dylib             0x0000000182eaada0 thread_start + 8\n", "test_name": "test_015_searchmission", "rerun": "0"}}, "suite_name": "test_web.py"}}}, "date": "July 04, 2024", "start_time": 1720084476.5800488, "total_suite": 1, "status": "FAIL", "status_list": {"pass": "12", "fail": "2", "skip": "0", "error": "0", "xpass": "0", "xfail": "0", "rerun": "0"}, "total_tests": "14"}