{"content": {"suites": {"0": {"status": {"total_pass": 0, "total_skip": 0, "total_xpass": 0, "total_xfail": 0, "total_rerun": 0, "total_fail": 4, "total_error": 0}, "tests": {"0": {"status": "FAIL", "message": "   selenium.common.exceptions.TimeoutException: Message: \n   Stacktrace:\n   0   chromedriver                        0x00000001032c6004 chromedriver + 4169732\n   1   chromedriver                        0x00000001032bdff8 chromedriver + 4136952\n   2   chromedriver                        0x0000000102f13500 chromedriver + 292096\n   3   chromedriver                        0x0000000102f587a0 chromedriver + 575392\n   4   chromedriver                        0x0000000102f93818 chromedriver + 817176\n   5   chromedriver                        0x0000000102f4c5e8 chromedriver + 525800\n   6   chromedriver                        0x0000000102f4d4b8 chromedriver + 529592\n   7   chromedriver                        0x000000010328c334 chromedriver + 3932980\n   8   chromedriver                        0x0000000103290970 chromedriver + 3950960\n   9   chromedriver                        0x0000000103274774 chromedriver + 3835764\n   10  chromedriver                        0x0000000103291478 chromedriver + 3953784\n   11  chromedriver                        0x0000000103266ab4 chromedriver + 3779252\n   12  chromedriver                        0x00000001032ad914 chromedriver + 4069652\n   13  chromedriver                        0x00000001032ada90 chromedriver + 4070032\n   14  chromedriver                        0x00000001032bdc70 chromedriver + 4136048\n   15  libsystem_pthread.dylib             0x00000001a9c73fa8 _pthread_start + 148\n   16  libsystem_pthread.dylib             0x00000001a9c6eda0 thread_start + 8\n", "test_name": "test_login", "rerun": "0"}, "1": {"status": "FAIL", "message": "", "test_name": "test_mainpopular", "rerun": "0"}, "2": {"status": "FAIL", "message": "   selenium.common.exceptions.ElementClickInterceptedException: Message: element click intercepted: Element <a href=\"/band/72437546\" class=\"bandLink _bandLink\" target=\"_blank\">...</a> is not clickable at point (258, 97). Other element would receive the click: <div class=\"tabMainMenuBox gPat22\">...</div>\n     (Session info: chrome=119.0.6045.159)\n   Stacktrace:\n   0   chromedriver                        0x00000001032c6004 chromedriver + 4169732\n   1   chromedriver                        0x00000001032bdff8 chromedriver + 4136952\n   2   chromedriver                        0x0000000102f13500 chromedriver + 292096\n   3   chromedriver                        0x0000000102f5f3f8 chromedriver + 603128\n   4   chromedriver                        0x0000000102f5d4e4 chromedriver + 595172\n   5   chromedriver                        0x0000000102f5b118 chromedriver + 586008\n   6   chromedriver                        0x0000000102f5a174 chromedriver + 582004\n   7   chromedriver                        0x0000000102f4e4f8 chromedriver + 533752\n   8   chromedriver                        0x0000000102f4ddb4 chromedriver + 531892\n   9   chromedriver                        0x0000000102f93818 chromedriver + 817176\n   10  chromedriver                        0x0000000102f4c5e8 chromedriver + 525800\n   11  chromedriver                        0x0000000102f4d4b8 chromedriver + 529592\n   12  chromedriver                        0x000000010328c334 chromedriver + 3932980\n   13  chromedriver                        0x0000000103290970 chromedriver + 3950960\n   14  chromedriver                        0x0000000103274774 chromedriver + 3835764\n   15  chromedriver                        0x0000000103291478 chromedriver + 3953784\n   16  chromedriver                        0x0000000103266ab4 chromedriver + 3779252\n   17  chromedriver                        0x00000001032ad914 chromedriver + 4069652\n   18  chromedriver                        0x00000001032ada90 chromedriver + 4070032\n   19  chromedriver                        0x00000001032bdc70 chromedriver + 4136048\n   20  libsystem_pthread.dylib             0x00000001a9c73fa8 _pthread_start + 148\n   21  libsystem_pthread.dylib             0x00000001a9c6eda0 thread_start + 8\n", "test_name": "test_maindiscover", "rerun": "0"}, "3": {"status": "FAIL", "message": "   IndexError: list index out of range\n", "test_name": "test_searchsection", "rerun": "0"}}, "suite_name": "test_web.py"}}}, "date": "March 14, 2024", "start_time": 1710398331.22208, "total_suite": 1, "status": "FAIL", "status_list": {"pass": "0", "fail": "4", "skip": "0", "error": "0", "xpass": "0", "xfail": "0", "rerun": "0"}, "total_tests": "4"}