{"content": {"suites": {"0": {"status": {"total_pass": 24, "total_skip": 0, "total_xpass": 0, "total_xfail": 0, "total_rerun": 0, "total_fail": 9, "total_error": 0}, "tests": {"0": {"status": "PASS", "message": "", "test_name": "test_001_login", "rerun": "0"}, "1": {"status": "PASS", "message": "", "test_name": "test_016_bandcreate", "rerun": "0"}, "2": {"status": "PASS", "message": "", "test_name": "test_017_bandwrite", "rerun": "0"}, "3": {"status": "PASS", "message": "", "test_name": "test_018_postedit", "rerun": "0"}, "4": {"status": "PASS", "message": "", "test_name": "test_019_postcomment", "rerun": "0"}, "5": {"status": "PASS", "message": "", "test_name": "test_020_commentedit", "rerun": "0"}, "6": {"status": "PASS", "message": "", "test_name": "test_021_commentdel", "rerun": "0"}, "7": {"status": "PASS", "message": "", "test_name": "test_022_memberprofile", "rerun": "0"}, "8": {"status": "PASS", "message": "", "test_name": "test_023_profileblock", "rerun": "0"}, "9": {"status": "FAIL", "message": "", "test_name": "test_024_membersort", "rerun": "0"}, "10": {"status": "FAIL", "message": "", "test_name": "test_025_memebersearch", "rerun": "0"}, "11": {"status": "PASS", "message": "", "test_name": "test_026_attachmentalbum", "rerun": "0"}, "12": {"status": "PASS", "message": "", "test_name": "test_027_attachfolderedit", "rerun": "0"}, "13": {"status": "PASS", "message": "", "test_name": "test_028_fileupload", "rerun": "0"}, "14": {"status": "PASS", "message": "", "test_name": "test_029_filesort", "rerun": "0"}, "15": {"status": "PASS", "message": "", "test_name": "test_030_filemove", "rerun": "0"}, "16": {"status": "PASS", "message": "", "test_name": "test_031_filedelete", "rerun": "0"}, "17": {"status": "PASS", "message": "", "test_name": "test_032_albumcreate", "rerun": "0"}, "18": {"status": "PASS", "message": "", "test_name": "test_033_albumedit", "rerun": "0"}, "19": {"status": "FAIL", "message": "   selenium.common.exceptions.NoSuchElementException: Message: no such element: Unable to locate element: {\"method\":\"css selector\",\"selector\":\".uEmptyTitle\"}\n     (Session info: chrome=125.0.6422.77); For documentation on this error, please visit: https://www.selenium.dev/documentation/webdriver/troubleshooting/errors#no-such-element-exception\n   Stacktrace:\n   0   chromedriver                        0x00000001004e24c8 chromedriver + 4302024\n   1   chromedriver                        0x00000001004dae10 chromedriver + 4271632\n   2   chromedriver                        0x000000010010c19c chromedriver + 278940\n   3   chromedriver                        0x000000010014e2c4 chromedriver + 549572\n   4   chromedriver                        0x0000000100186c5c chromedriver + 781404\n   5   chromedriver                        0x0000000100143004 chromedriver + 503812\n   6   chromedriver                        0x00000001001439ec chromedriver + 506348\n   7   chromedriver                        0x00000001004aa510 chromedriver + 4072720\n   8   chromedriver                        0x00000001004aefbc chromedriver + 4091836\n   9   chromedriver                        0x0000000100491754 chromedriver + 3970900\n   10  chromedriver                        0x00000001004af8a4 chromedriver + 4094116\n   11  chromedriver                        0x00000001004846d4 chromedriver + 3917524\n   12  chromedriver                        0x00000001004ccb08 chromedriver + 4213512\n   13  chromedriver                        0x00000001004ccc84 chromedriver + 4213892\n   14  chromedriver                        0x00000001004daa08 chromedriver + 4270600\n   15  libsystem_pthread.dylib             0x000000019af79f94 _pthread_start + 136\n   16  libsystem_pthread.dylib             0x000000019af74d34 thread_start + 8\n", "test_name": "test_034_albumdelete", "rerun": "0"}, "20": {"status": "PASS", "message": "", "test_name": "test_035_photoupload", "rerun": "0"}, "21": {"status": "PASS", "message": "", "test_name": "test_036_uploadedit", "rerun": "0"}, "22": {"status": "FAIL", "message": "", "test_name": "test_037_imagedelte", "rerun": "0"}, "23": {"status": "FAIL", "message": "   AttributeError: 'TestBand' object has no attribute 'test_albumcreate'\n", "test_name": "test_038_albumrange", "rerun": "0"}, "24": {"status": "FAIL", "message": "   IndexError: list index out of range\n", "test_name": "test_040_postdel", "rerun": "0"}, "25": {"status": "FAIL", "message": "   selenium.common.exceptions.NoSuchElementException: Message: no such element: Unable to locate element: {\"method\":\"css selector\",\"selector\":\".vote._showToolTip._popupOpenShortly\"}\n     (Session info: chrome=125.0.6422.77); For documentation on this error, please visit: https://www.selenium.dev/documentation/webdriver/troubleshooting/errors#no-such-element-exception\n   Stacktrace:\n   0   chromedriver                        0x00000001004e24c8 chromedriver + 4302024\n   1   chromedriver                        0x00000001004dae10 chromedriver + 4271632\n   2   chromedriver                        0x000000010010c19c chromedriver + 278940\n   3   chromedriver                        0x000000010014e2c4 chromedriver + 549572\n   4   chromedriver                        0x0000000100186c5c chromedriver + 781404\n   5   chromedriver                        0x0000000100143004 chromedriver + 503812\n   6   chromedriver                        0x00000001001439ec chromedriver + 506348\n   7   chromedriver                        0x00000001004aa510 chromedriver + 4072720\n   8   chromedriver                        0x00000001004aefbc chromedriver + 4091836\n   9   chromedriver                        0x0000000100491754 chromedriver + 3970900\n   10  chromedriver                        0x00000001004af8a4 chromedriver + 4094116\n   11  chromedriver                        0x00000001004846d4 chromedriver + 3917524\n   12  chromedriver                        0x00000001004ccb08 chromedriver + 4213512\n   13  chromedriver                        0x00000001004ccc84 chromedriver + 4213892\n   14  chromedriver                        0x00000001004daa08 chromedriver + 4270600\n   15  libsystem_pthread.dylib             0x000000019af79f94 _pthread_start + 136\n   16  libsystem_pthread.dylib             0x000000019af74d34 thread_start + 8\n", "test_name": "test_041_pollpost", "rerun": "0"}, "26": {"status": "FAIL", "message": "   selenium.common.exceptions.NoSuchElementException: Message: no such element: Unable to locate element: {\"method\":\"css selector\",\"selector\":\".addTitle\"}\n     (Session info: chrome=125.0.6422.77); For documentation on this error, please visit: https://www.selenium.dev/documentation/webdriver/troubleshooting/errors#no-such-element-exception\n   Stacktrace:\n   0   chromedriver                        0x00000001004e24c8 chromedriver + 4302024\n   1   chromedriver                        0x00000001004dae10 chromedriver + 4271632\n   2   chromedriver                        0x000000010010c19c chromedriver + 278940\n   3   chromedriver                        0x000000010014e2c4 chromedriver + 549572\n   4   chromedriver                        0x0000000100186c5c chromedriver + 781404\n   5   chromedriver                        0x0000000100143004 chromedriver + 503812\n   6   chromedriver                        0x00000001001439ec chromedriver + 506348\n   7   chromedriver                        0x00000001004aa510 chromedriver + 4072720\n   8   chromedriver                        0x00000001004aefbc chromedriver + 4091836\n   9   chromedriver                        0x0000000100491754 chromedriver + 3970900\n   10  chromedriver                        0x00000001004af8a4 chromedriver + 4094116\n   11  chromedriver                        0x00000001004846d4 chromedriver + 3917524\n   12  chromedriver                        0x00000001004ccb08 chromedriver + 4213512\n   13  chromedriver                        0x00000001004ccc84 chromedriver + 4213892\n   14  chromedriver                        0x00000001004daa08 chromedriver + 4270600\n   15  libsystem_pthread.dylib             0x000000019af79f94 _pthread_start + 136\n   16  libsystem_pthread.dylib             0x000000019af74d34 thread_start + 8\n", "test_name": "test_042_polledit", "rerun": "0"}, "27": {"status": "PASS", "message": "", "test_name": "test_043_calcreate", "rerun": "0"}, "28": {"status": "PASS", "message": "", "test_name": "test_044_calchange", "rerun": "0"}, "29": {"status": "FAIL", "message": "", "test_name": "test_045_calcommentwrite", "rerun": "0"}, "30": {"status": "PASS", "message": "", "test_name": "test_046_calcommentchange", "rerun": "0"}, "31": {"status": "PASS", "message": "", "test_name": "test_047_calcommentdel", "rerun": "0"}, "32": {"status": "PASS", "message": "", "test_name": "test_048_caldel", "rerun": "0"}}, "suite_name": "test_web.py"}}}, "date": "September 20, 2024", "start_time": 1726813564.2801878, "total_suite": 1, "status": "FAIL", "status_list": {"pass": "24", "fail": "9", "skip": "0", "error": "0", "xpass": "0", "xfail": "0", "rerun": "0"}, "total_tests": "33"}