{"content": {"suites": {"0": {"status": {"total_pass": 6, "total_skip": 0, "total_xpass": 0, "total_xfail": 0, "total_rerun": 0, "total_fail": 3, "total_error": 0}, "tests": {"0": {"status": "PASS", "message": "", "test_name": "test_login", "rerun": "0"}, "1": {"status": "PASS", "message": "", "test_name": "test_bandcreate", "rerun": "0"}, "2": {"status": "PASS", "message": "", "test_name": "test_albumcreate", "rerun": "0"}, "3": {"status": "PASS", "message": "", "test_name": "test_albumedit", "rerun": "0"}, "4": {"status": "PASS", "message": "", "test_name": "test_albumdelete", "rerun": "0"}, "5": {"status": "PASS", "message": "", "test_name": "test_photoupload", "rerun": "0"}, "6": {"status": "FAIL", "message": "   selenium.common.exceptions.NoSuchElementException: Message: no such element: Unable to locate element: {\"method\":\"css selector\",\"selector\":\".selenium moveAlbum\"}\n     (Session info: chrome=119.0.6045.159)\n   Stacktrace:\n   0   chromedriver                        0x0000000100f7a004 chromedriver + 4169732\n   1   chromedriver                        0x0000000100f71ff8 chromedriver + 4136952\n   2   chromedriver                        0x0000000100bc7500 chromedriver + 292096\n   3   chromedriver                        0x0000000100c0c7a0 chromedriver + 575392\n   4   chromedriver                        0x0000000100c47818 chromedriver + 817176\n   5   chromedriver                        0x0000000100c005e8 chromedriver + 525800\n   6   chromedriver                        0x0000000100c014b8 chromedriver + 529592\n   7   chromedriver                        0x0000000100f40334 chromedriver + 3932980\n   8   chromedriver                        0x0000000100f44970 chromedriver + 3950960\n   9   chromedriver                        0x0000000100f28774 chromedriver + 3835764\n   10  chromedriver                        0x0000000100f45478 chromedriver + 3953784\n   11  chromedriver                        0x0000000100f1aab4 chromedriver + 3779252\n   12  chromedriver                        0x0000000100f61914 chromedriver + 4069652\n   13  chromedriver                        0x0000000100f61a90 chromedriver + 4070032\n   14  chromedriver                        0x0000000100f71c70 chromedriver + 4136048\n   15  libsystem_pthread.dylib             0x000000019ca87fa8 _pthread_start + 148\n   16  libsystem_pthread.dylib             0x000000019ca82da0 thread_start + 8\n", "test_name": "test_uploadedit", "rerun": "0"}, "7": {"status": "FAIL", "message": "   IndexError: list index out of range\n", "test_name": "test_imagedelte", "rerun": "0"}, "8": {"status": "FAIL", "message": "   selenium.common.exceptions.ElementClickInterceptedException: Message: element click intercepted: Element <span class=\"lnbTopMenuItemText\">...</span> is not clickable at point (536, 69). Other element would receive the click: <section data-viewname=\"DAlbumSelectView\" class=\"lyWrap layer_wrap\">...</section>\n     (Session info: chrome=119.0.6045.159)\n   Stacktrace:\n   0   chromedriver                        0x0000000100f7a004 chromedriver + 4169732\n   1   chromedriver                        0x0000000100f71ff8 chromedriver + 4136952\n   2   chromedriver                        0x0000000100bc7500 chromedriver + 292096\n   3   chromedriver                        0x0000000100c133f8 chromedriver + 603128\n   4   chromedriver                        0x0000000100c114e4 chromedriver + 595172\n   5   chromedriver                        0x0000000100c0f118 chromedriver + 586008\n   6   chromedriver                        0x0000000100c0e174 chromedriver + 582004\n   7   chromedriver                        0x0000000100c024f8 chromedriver + 533752\n   8   chromedriver                        0x0000000100c01db4 chromedriver + 531892\n   9   chromedriver                        0x0000000100c47818 chromedriver + 817176\n   10  chromedriver                        0x0000000100c005e8 chromedriver + 525800\n   11  chromedriver                        0x0000000100c014b8 chromedriver + 529592\n   12  chromedriver                        0x0000000100f40334 chromedriver + 3932980\n   13  chromedriver                        0x0000000100f44970 chromedriver + 3950960\n   14  chromedriver                        0x0000000100f28774 chromedriver + 3835764\n   15  chromedriver                        0x0000000100f45478 chromedriver + 3953784\n   16  chromedriver                        0x0000000100f1aab4 chromedriver + 3779252\n   17  chromedriver                        0x0000000100f61914 chromedriver + 4069652\n   18  chromedriver                        0x0000000100f61a90 chromedriver + 4070032\n   19  chromedriver                        0x0000000100f71c70 chromedriver + 4136048\n   20  libsystem_pthread.dylib             0x000000019ca87fa8 _pthread_start + 148\n   21  libsystem_pthread.dylib             0x000000019ca82da0 thread_start + 8\n", "test_name": "test_albumrange", "rerun": "0"}}, "suite_name": "test_web.py"}}}, "date": "March 05, 2024", "start_time": 1709622710.6239822, "total_suite": 1, "status": "FAIL", "status_list": {"pass": "6", "fail": "3", "skip": "0", "error": "0", "xpass": "0", "xfail": "0", "rerun": "0"}, "total_tests": "9"}