{"content": {"suites": {"0": {"status": {"total_pass": 4, "total_skip": 0, "total_xpass": 0, "total_xfail": 0, "total_rerun": 0, "total_fail": 2, "total_error": 0}, "tests": {"0": {"status": "PASS", "message": "", "test_name": "test_001_login", "rerun": "0"}, "1": {"status": "PASS", "message": "", "test_name": "test_070_localchange", "rerun": "0"}, "2": {"status": "PASS", "message": "", "test_name": "test_071_localhistory", "rerun": "0"}, "3": {"status": "FAIL", "message": "       selenium.common.exceptions.UnexpectedAlertPresentException: Alert Text: \uc18c\ubaa8\uc784\uc740 1\uc77c 1\uac1c, 30\uc77c \ub0b4 10\uac1c\uae4c\uc9c0 \ubaa8\uc9d1\ud560 \uc218 \uc788\uc2b5\ub2c8\ub2e4.\n       Message: unexpected alert open: {Alert text : \uc18c\ubaa8\uc784\uc740 1\uc77c 1\uac1c, 30\uc77c \ub0b4 10\uac1c\uae4c\uc9c0 \ubaa8\uc9d1\ud560 \uc218 \uc788\uc2b5\ub2c8\ub2e4.}\n         (Session info: chrome=125.0.6422.77)\n       Stacktrace:\n       0   chromedriver                        0x00000001029ce4c8 chromedriver + 4302024\n       1   chromedriver                        0x00000001029c6e10 chromedriver + 4271632\n       2   chromedriver                        0x00000001025f819c chromedriver + 278940\n       3   chromedriver                        0x0000000102673168 chromedriver + 782696\n       4   chromedriver                        0x000000010262f004 chromedriver + 503812\n       5   chromedriver                        0x000000010262f9ec chromedriver + 506348\n       6   chromedriver                        0x0000000102996510 chromedriver + 4072720\n       7   chromedriver                        0x000000010299afbc chromedriver + 4091836\n       8   chromedriver                        0x000000010297d754 chromedriver + 3970900\n       9   chromedriver                        0x000000010299b8a4 chromedriver + 4094116\n       10  chromedriver                        0x00000001029706d4 chromedriver + 3917524\n       11  chromedriver                        0x00000001029b8b08 chromedriver + 4213512\n       12  chromedriver                        0x00000001029b8c84 chromedriver + 4213892\n       13  chromedriver                        0x00000001029c6a08 chromedriver + 4270600\n       14  libsystem_pthread.dylib             0x0000000197c39f94 _pthread_start + 136\n       15  libsystem_pthread.dylib             0x0000000197c34d34 thread_start + 8\n", "test_name": "test_072_localnewband", "rerun": "0"}, "4": {"status": "PASS", "message": "", "test_name": "test_073_localcategory", "rerun": "0"}, "5": {"status": "FAIL", "message": "   selenium.common.exceptions.ElementClickInterceptedException: Message: element click intercepted: Element <button type=\"button\" class=\"makeMission _recruitBtn\">...</button> is not clickable at point (1070, 14). Other element would receive the click: <span class=\"uProfile -size30 -border\">...</span>\n     (Session info: chrome=125.0.6422.77)\n   Stacktrace:\n   0   chromedriver                        0x00000001029ce4c8 chromedriver + 4302024\n   1   chromedriver                        0x00000001029c6e10 chromedriver + 4271632\n   2   chromedriver                        0x00000001025f819c chromedriver + 278940\n   3   chromedriver                        0x000000010263fd48 chromedriver + 572744\n   4   chromedriver                        0x000000010263e2ec chromedriver + 565996\n   5   chromedriver                        0x000000010263c47c chromedriver + 558204\n   6   chromedriver                        0x000000010263b9cc chromedriver + 555468\n   7   chromedriver                        0x0000000102630e24 chromedriver + 511524\n   8   chromedriver                        0x000000010263085c chromedriver + 510044\n   9   chromedriver                        0x0000000102672c5c chromedriver + 781404\n   10  chromedriver                        0x000000010262f004 chromedriver + 503812\n   11  chromedriver                        0x000000010262f9ec chromedriver + 506348\n   12  chromedriver                        0x0000000102996510 chromedriver + 4072720\n   13  chromedriver                        0x000000010299afbc chromedriver + 4091836\n   14  chromedriver                        0x000000010297d754 chromedriver + 3970900\n   15  chromedriver                        0x000000010299b8a4 chromedriver + 4094116\n   16  chromedriver                        0x00000001029706d4 chromedriver + 3917524\n   17  chromedriver                        0x00000001029b8b08 chromedriver + 4213512\n   18  chromedriver                        0x00000001029b8c84 chromedriver + 4213892\n   19  chromedriver                        0x00000001029c6a08 chromedriver + 4270600\n   20  libsystem_pthread.dylib             0x0000000197c39f94 _pthread_start + 136\n   21  libsystem_pthread.dylib             0x0000000197c34d34 thread_start + 8\n", "test_name": "test_074_localexistingband", "rerun": "0"}}, "suite_name": "test_web.py"}}}, "date": "October 29, 2024", "start_time": 1730190298.787483, "total_suite": 1, "status": "FAIL", "status_list": {"pass": "4", "fail": "2", "skip": "0", "error": "0", "xpass": "0", "xfail": "0", "rerun": "0"}, "total_tests": "6"}