{"content": {"suites": {"0": {"status": {"total_pass": 2, "total_skip": 0, "total_xpass": 0, "total_xfail": 0, "total_rerun": 0, "total_fail": 2, "total_error": 0}, "tests": {"0": {"status": "FAIL", "message": "   selenium.common.exceptions.TimeoutException: Message: \n   Stacktrace:\n   0   chromedriver                        0x0000000104856004 chromedriver + 4169732\n   1   chromedriver                        0x000000010484dff8 chromedriver + 4136952\n   2   chromedriver                        0x00000001044a3500 chromedriver + 292096\n   3   chromedriver                        0x00000001044e87a0 chromedriver + 575392\n   4   chromedriver                        0x0000000104523818 chromedriver + 817176\n   5   chromedriver                        0x00000001044dc5e8 chromedriver + 525800\n   6   chromedriver                        0x00000001044dd4b8 chromedriver + 529592\n   7   chromedriver                        0x000000010481c334 chromedriver + 3932980\n   8   chromedriver                        0x0000000104820970 chromedriver + 3950960\n   9   chromedriver                        0x0000000104804774 chromedriver + 3835764\n   10  chromedriver                        0x0000000104821478 chromedriver + 3953784\n   11  chromedriver                        0x00000001047f6ab4 chromedriver + 3779252\n   12  chromedriver                        0x000000010483d914 chromedriver + 4069652\n   13  chromedriver                        0x000000010483da90 chromedriver + 4070032\n   14  chromedriver                        0x000000010484dc70 chromedriver + 4136048\n   15  libsystem_pthread.dylib             0x000000019b8dffa8 _pthread_start + 148\n   16  libsystem_pthread.dylib             0x000000019b8dada0 thread_start + 8\n", "test_name": "test_login", "rerun": "0"}, "1": {"status": "PASS", "message": "", "test_name": "test_bandcreate", "rerun": "0"}, "2": {"status": "PASS", "message": "", "test_name": "test_photoupload", "rerun": "0"}, "3": {"status": "FAIL", "message": "   selenium.common.exceptions.ElementClickInterceptedException: Message: element click intercepted: Element <span class=\"lnbTopMenuItemText\">...</span> is not clickable at point (536, 69). Other element would receive the click: <section class=\"lyWrap layer_wrap\">...</section>\n     (Session info: chrome=119.0.6045.159)\n   Stacktrace:\n   0   chromedriver                        0x0000000104856004 chromedriver + 4169732\n   1   chromedriver                        0x000000010484dff8 chromedriver + 4136952\n   2   chromedriver                        0x00000001044a3500 chromedriver + 292096\n   3   chromedriver                        0x00000001044ef3f8 chromedriver + 603128\n   4   chromedriver                        0x00000001044ed4e4 chromedriver + 595172\n   5   chromedriver                        0x00000001044eb118 chromedriver + 586008\n   6   chromedriver                        0x00000001044ea174 chromedriver + 582004\n   7   chromedriver                        0x00000001044de4f8 chromedriver + 533752\n   8   chromedriver                        0x00000001044dddb4 chromedriver + 531892\n   9   chromedriver                        0x0000000104523818 chromedriver + 817176\n   10  chromedriver                        0x00000001044dc5e8 chromedriver + 525800\n   11  chromedriver                        0x00000001044dd4b8 chromedriver + 529592\n   12  chromedriver                        0x000000010481c334 chromedriver + 3932980\n   13  chromedriver                        0x0000000104820970 chromedriver + 3950960\n   14  chromedriver                        0x0000000104804774 chromedriver + 3835764\n   15  chromedriver                        0x0000000104821478 chromedriver + 3953784\n   16  chromedriver                        0x00000001047f6ab4 chromedriver + 3779252\n   17  chromedriver                        0x000000010483d914 chromedriver + 4069652\n   18  chromedriver                        0x000000010483da90 chromedriver + 4070032\n   19  chromedriver                        0x000000010484dc70 chromedriver + 4136048\n   20  libsystem_pthread.dylib             0x000000019b8dffa8 _pthread_start + 148\n   21  libsystem_pthread.dylib             0x000000019b8dada0 thread_start + 8\n", "test_name": "test_uploadedit", "rerun": "0"}}, "suite_name": "test_web.py"}}}, "date": "February 29, 2024", "start_time": 1709194178.402359, "total_suite": 1, "status": "FAIL", "status_list": {"pass": "2", "fail": "2", "skip": "0", "error": "0", "xpass": "0", "xfail": "0", "rerun": "0"}, "total_tests": "4"}