{"content": {"suites": {"0": {"status": {"total_pass": 4, "total_skip": 0, "total_xpass": 0, "total_xfail": 0, "total_rerun": 0, "total_fail": 12, "total_error": 0}, "tests": {"0": {"status": "PASS", "message": "", "test_name": "test_001_login", "rerun": "0"}, "1": {"status": "PASS", "message": "", "test_name": "test_002_bandcreate", "rerun": "0"}, "2": {"status": "FAIL", "message": "   selenium.common.exceptions.NoSuchElementException: Message: no such element: Unable to locate element: {\"method\":\"css selector\",\"selector\":\".btnOption._linkGuideBand\"}\n     (Session info: chrome=125.0.6422.77); For documentation on this error, please visit: https://www.selenium.dev/documentation/webdriver/troubleshooting/errors#no-such-element-exception\n   Stacktrace:\n   0   chromedriver                        0x00000001049324c8 chromedriver + 4302024\n   1   chromedriver                        0x000000010492ae10 chromedriver + 4271632\n   2   chromedriver                        0x000000010455c19c chromedriver + 278940\n   3   chromedriver                        0x000000010459e2c4 chromedriver + 549572\n   4   chromedriver                        0x00000001045d6c5c chromedriver + 781404\n   5   chromedriver                        0x0000000104593004 chromedriver + 503812\n   6   chromedriver                        0x00000001045939ec chromedriver + 506348\n   7   chromedriver                        0x00000001048fa510 chromedriver + 4072720\n   8   chromedriver                        0x00000001048fefbc chromedriver + 4091836\n   9   chromedriver                        0x00000001048e1754 chromedriver + 3970900\n   10  chromedriver                        0x00000001048ff8a4 chromedriver + 4094116\n   11  chromedriver                        0x00000001048d46d4 chromedriver + 3917524\n   12  chromedriver                        0x000000010491cb08 chromedriver + 4213512\n   13  chromedriver                        0x000000010491cc84 chromedriver + 4213892\n   14  chromedriver                        0x000000010492aa08 chromedriver + 4270600\n   15  libsystem_pthread.dylib             0x0000000182eaffa8 _pthread_start + 148\n   16  libsystem_pthread.dylib             0x0000000182eaada0 thread_start + 8\n", "test_name": "test_003_bandmainlink", "rerun": "0"}, "3": {"status": "FAIL", "message": "   IndexError: list index out of range\n", "test_name": "test_004_mainpopular", "rerun": "0"}, "4": {"status": "FAIL", "message": "   selenium.common.exceptions.NoSuchElementException: Message: no such element: Unable to locate element: {\"method\":\"css selector\",\"selector\":\".discoverBandList\"}\n     (Session info: chrome=125.0.6422.77); For documentation on this error, please visit: https://www.selenium.dev/documentation/webdriver/troubleshooting/errors#no-such-element-exception\n   Stacktrace:\n   0   chromedriver                        0x00000001049324c8 chromedriver + 4302024\n   1   chromedriver                        0x000000010492ae10 chromedriver + 4271632\n   2   chromedriver                        0x000000010455c19c chromedriver + 278940\n   3   chromedriver                        0x000000010459e2c4 chromedriver + 549572\n   4   chromedriver                        0x00000001045d6c5c chromedriver + 781404\n   5   chromedriver                        0x0000000104593004 chromedriver + 503812\n   6   chromedriver                        0x00000001045939ec chromedriver + 506348\n   7   chromedriver                        0x00000001048fa510 chromedriver + 4072720\n   8   chromedriver                        0x00000001048fefbc chromedriver + 4091836\n   9   chromedriver                        0x00000001048e1754 chromedriver + 3970900\n   10  chromedriver                        0x00000001048ff8a4 chromedriver + 4094116\n   11  chromedriver                        0x00000001048d46d4 chromedriver + 3917524\n   12  chromedriver                        0x000000010491cb08 chromedriver + 4213512\n   13  chromedriver                        0x000000010491cc84 chromedriver + 4213892\n   14  chromedriver                        0x000000010492aa08 chromedriver + 4270600\n   15  libsystem_pthread.dylib             0x0000000182eaffa8 _pthread_start + 148\n   16  libsystem_pthread.dylib             0x0000000182eaada0 thread_start + 8\n", "test_name": "test_005_maindiscover", "rerun": "0"}, "5": {"status": "FAIL", "message": "   selenium.common.exceptions.JavascriptException: Message: javascript error: {\"status\":60,\"value\":\"[object HTMLLIElement] has no size and location\"}\n     (Session info: chrome=125.0.6422.77)\n   Stacktrace:\n   0   chromedriver                        0x00000001049324c8 chromedriver + 4302024\n   1   chromedriver                        0x000000010492ae10 chromedriver + 4271632\n   2   chromedriver                        0x000000010455c19c chromedriver + 278940\n   3   chromedriver                        0x000000010456066c chromedriver + 296556\n   4   chromedriver                        0x00000001045624e8 chromedriver + 304360\n   5   chromedriver                        0x0000000104562560 chromedriver + 304480\n   6   chromedriver                        0x00000001045a34b0 chromedriver + 570544\n   7   chromedriver                        0x00000001045a2bc0 chromedriver + 568256\n   8   chromedriver                        0x00000001045ddfa0 chromedriver + 810912\n   9   chromedriver                        0x00000001045d6c5c chromedriver + 781404\n   10  chromedriver                        0x0000000104593004 chromedriver + 503812\n   11  chromedriver                        0x00000001045939ec chromedriver + 506348\n   12  chromedriver                        0x00000001048fa510 chromedriver + 4072720\n   13  chromedriver                        0x00000001048fefbc chromedriver + 4091836\n   14  chromedriver                        0x00000001048e1754 chromedriver + 3970900\n   15  chromedriver                        0x00000001048ff8a4 chromedriver + 4094116\n   16  chromedriver                        0x00000001048d46d4 chromedriver + 3917524\n   17  chromedriver                        0x000000010491cb08 chromedriver + 4213512\n   18  chromedriver                        0x000000010491cc84 chromedriver + 4213892\n   19  chromedriver                        0x000000010492aa08 chromedriver + 4270600\n   20  libsystem_pthread.dylib             0x0000000182eaffa8 _pthread_start + 148\n   21  libsystem_pthread.dylib             0x0000000182eaada0 thread_start + 8\n", "test_name": "test_006_topbutton", "rerun": "0"}, "6": {"status": "FAIL", "message": "   selenium.common.exceptions.JavascriptException: Message: javascript error: {\"status\":60,\"value\":\"[object HTMLUListElement] has no size and location\"}\n     (Session info: chrome=125.0.6422.77)\n   Stacktrace:\n   0   chromedriver                        0x00000001049324c8 chromedriver + 4302024\n   1   chromedriver                        0x000000010492ae10 chromedriver + 4271632\n   2   chromedriver                        0x000000010455c19c chromedriver + 278940\n   3   chromedriver                        0x000000010456066c chromedriver + 296556\n   4   chromedriver                        0x00000001045624e8 chromedriver + 304360\n   5   chromedriver                        0x0000000104562560 chromedriver + 304480\n   6   chromedriver                        0x00000001045a34b0 chromedriver + 570544\n   7   chromedriver                        0x00000001045a2bc0 chromedriver + 568256\n   8   chromedriver                        0x00000001045ddfa0 chromedriver + 810912\n   9   chromedriver                        0x00000001045d6c5c chromedriver + 781404\n   10  chromedriver                        0x0000000104593004 chromedriver + 503812\n   11  chromedriver                        0x00000001045939ec chromedriver + 506348\n   12  chromedriver                        0x00000001048fa510 chromedriver + 4072720\n   13  chromedriver                        0x00000001048fefbc chromedriver + 4091836\n   14  chromedriver                        0x00000001048e1754 chromedriver + 3970900\n   15  chromedriver                        0x00000001048ff8a4 chromedriver + 4094116\n   16  chromedriver                        0x00000001048d46d4 chromedriver + 3917524\n   17  chromedriver                        0x000000010491cb08 chromedriver + 4213512\n   18  chromedriver                        0x000000010491cc84 chromedriver + 4213892\n   19  chromedriver                        0x000000010492aa08 chromedriver + 4270600\n   20  libsystem_pthread.dylib             0x0000000182eaffa8 _pthread_start + 148\n   21  libsystem_pthread.dylib             0x0000000182eaada0 thread_start + 8\n", "test_name": "test_007_footer", "rerun": "0"}, "7": {"status": "PASS", "message": "", "test_name": "test_008_searchsection", "rerun": "0"}, "8": {"status": "PASS", "message": "", "test_name": "test_009_searchpopular", "rerun": "0"}, "9": {"status": "FAIL", "message": "   selenium.common.exceptions.NoSuchElementException: Message: no such element: Unable to locate element: {\"method\":\"css selector\",\"selector\":\".localMeetupBand\"}\n     (Session info: chrome=125.0.6422.77); For documentation on this error, please visit: https://www.selenium.dev/documentation/webdriver/troubleshooting/errors#no-such-element-exception\n   Stacktrace:\n   0   chromedriver                        0x00000001049324c8 chromedriver + 4302024\n   1   chromedriver                        0x000000010492ae10 chromedriver + 4271632\n   2   chromedriver                        0x000000010455c19c chromedriver + 278940\n   3   chromedriver                        0x000000010459e2c4 chromedriver + 549572\n   4   chromedriver                        0x00000001045d6c5c chromedriver + 781404\n   5   chromedriver                        0x0000000104593004 chromedriver + 503812\n   6   chromedriver                        0x00000001045939ec chromedriver + 506348\n   7   chromedriver                        0x00000001048fa510 chromedriver + 4072720\n   8   chromedriver                        0x00000001048fefbc chromedriver + 4091836\n   9   chromedriver                        0x00000001048e1754 chromedriver + 3970900\n   10  chromedriver                        0x00000001048ff8a4 chromedriver + 4094116\n   11  chromedriver                        0x00000001048d46d4 chromedriver + 3917524\n   12  chromedriver                        0x000000010491cb08 chromedriver + 4213512\n   13  chromedriver                        0x000000010491cc84 chromedriver + 4213892\n   14  chromedriver                        0x000000010492aa08 chromedriver + 4270600\n   15  libsystem_pthread.dylib             0x0000000182eaffa8 _pthread_start + 148\n   16  libsystem_pthread.dylib             0x0000000182eaada0 thread_start + 8\n", "test_name": "test_010_searchlocal", "rerun": "0"}, "10": {"status": "FAIL", "message": "   selenium.common.exceptions.NoSuchElementException: Message: no such element: Unable to locate element: {\"method\":\"css selector\",\"selector\":\".lnbItem._lnbLink.active\"}\n     (Session info: chrome=125.0.6422.77); For documentation on this error, please visit: https://www.selenium.dev/documentation/webdriver/troubleshooting/errors#no-such-element-exception\n   Stacktrace:\n   0   chromedriver                        0x00000001049324c8 chromedriver + 4302024\n   1   chromedriver                        0x000000010492ae10 chromedriver + 4271632\n   2   chromedriver                        0x000000010455c19c chromedriver + 278940\n   3   chromedriver                        0x000000010459e2c4 chromedriver + 549572\n   4   chromedriver                        0x00000001045d6c5c chromedriver + 781404\n   5   chromedriver                        0x0000000104593004 chromedriver + 503812\n   6   chromedriver                        0x00000001045939ec chromedriver + 506348\n   7   chromedriver                        0x00000001048fa510 chromedriver + 4072720\n   8   chromedriver                        0x00000001048fefbc chromedriver + 4091836\n   9   chromedriver                        0x00000001048e1754 chromedriver + 3970900\n   10  chromedriver                        0x00000001048ff8a4 chromedriver + 4094116\n   11  chromedriver                        0x00000001048d46d4 chromedriver + 3917524\n   12  chromedriver                        0x000000010491cb08 chromedriver + 4213512\n   13  chromedriver                        0x000000010491cc84 chromedriver + 4213892\n   14  chromedriver                        0x000000010492aa08 chromedriver + 4270600\n   15  libsystem_pthread.dylib             0x0000000182eaffa8 _pthread_start + 148\n   16  libsystem_pthread.dylib             0x0000000182eaada0 thread_start + 8\n", "test_name": "test_011_searchpage", "rerun": "0"}, "11": {"status": "FAIL", "message": "   selenium.common.exceptions.NoSuchElementException: Message: no such element: Unable to locate element: {\"method\":\"css selector\",\"selector\":\".missionBand\"}\n     (Session info: chrome=125.0.6422.77); For documentation on this error, please visit: https://www.selenium.dev/documentation/webdriver/troubleshooting/errors#no-such-element-exception\n   Stacktrace:\n   0   chromedriver                        0x00000001049324c8 chromedriver + 4302024\n   1   chromedriver                        0x000000010492ae10 chromedriver + 4271632\n   2   chromedriver                        0x000000010455c19c chromedriver + 278940\n   3   chromedriver                        0x000000010459e2c4 chromedriver + 549572\n   4   chromedriver                        0x00000001045d6c5c chromedriver + 781404\n   5   chromedriver                        0x0000000104593004 chromedriver + 503812\n   6   chromedriver                        0x00000001045939ec chromedriver + 506348\n   7   chromedriver                        0x00000001048fa510 chromedriver + 4072720\n   8   chromedriver                        0x00000001048fefbc chromedriver + 4091836\n   9   chromedriver                        0x00000001048e1754 chromedriver + 3970900\n   10  chromedriver                        0x00000001048ff8a4 chromedriver + 4094116\n   11  chromedriver                        0x00000001048d46d4 chromedriver + 3917524\n   12  chromedriver                        0x000000010491cb08 chromedriver + 4213512\n   13  chromedriver                        0x000000010491cc84 chromedriver + 4213892\n   14  chromedriver                        0x000000010492aa08 chromedriver + 4270600\n   15  libsystem_pthread.dylib             0x0000000182eaffa8 _pthread_start + 148\n   16  libsystem_pthread.dylib             0x0000000182eaada0 thread_start + 8\n", "test_name": "test_012_searchmission", "rerun": "0"}, "12": {"status": "FAIL", "message": "   selenium.common.exceptions.NoSuchElementException: Message: no such element: Unable to locate element: {\"method\":\"css selector\",\"selector\":\"._tabMyMission.tab\"}\n     (Session info: chrome=125.0.6422.77); For documentation on this error, please visit: https://www.selenium.dev/documentation/webdriver/troubleshooting/errors#no-such-element-exception\n   Stacktrace:\n   0   chromedriver                        0x00000001049324c8 chromedriver + 4302024\n   1   chromedriver                        0x000000010492ae10 chromedriver + 4271632\n   2   chromedriver                        0x000000010455c19c chromedriver + 278940\n   3   chromedriver                        0x000000010459e2c4 chromedriver + 549572\n   4   chromedriver                        0x00000001045d6c5c chromedriver + 781404\n   5   chromedriver                        0x0000000104593004 chromedriver + 503812\n   6   chromedriver                        0x00000001045939ec chromedriver + 506348\n   7   chromedriver                        0x00000001048fa510 chromedriver + 4072720\n   8   chromedriver                        0x00000001048fefbc chromedriver + 4091836\n   9   chromedriver                        0x00000001048e1754 chromedriver + 3970900\n   10  chromedriver                        0x00000001048ff8a4 chromedriver + 4094116\n   11  chromedriver                        0x00000001048d46d4 chromedriver + 3917524\n   12  chromedriver                        0x000000010491cb08 chromedriver + 4213512\n   13  chromedriver                        0x000000010491cc84 chromedriver + 4213892\n   14  chromedriver                        0x000000010492aa08 chromedriver + 4270600\n   15  libsystem_pthread.dylib             0x0000000182eaffa8 _pthread_start + 148\n   16  libsystem_pthread.dylib             0x0000000182eaada0 thread_start + 8\n", "test_name": "test_013_missiontab", "rerun": "0"}, "13": {"status": "FAIL", "message": "       UnboundLocalError: local variable 'missioncount' referenced before assignment\n", "test_name": "test_014_missioncard", "rerun": "0"}, "14": {"status": "FAIL", "message": "   IndexError: list index out of range\n", "test_name": "test_015_missionstats", "rerun": "0"}, "15": {"status": "FAIL", "message": "   selenium.common.exceptions.NoSuchElementException: Message: no such element: Unable to locate element: {\"method\":\"css selector\",\"selector\":\".categorySlider._missionKeywordScrollWrapper\"}\n     (Session info: chrome=125.0.6422.77); For documentation on this error, please visit: https://www.selenium.dev/documentation/webdriver/troubleshooting/errors#no-such-element-exception\n   Stacktrace:\n   0   chromedriver                        0x00000001049324c8 chromedriver + 4302024\n   1   chromedriver                        0x000000010492ae10 chromedriver + 4271632\n   2   chromedriver                        0x000000010455c19c chromedriver + 278940\n   3   chromedriver                        0x000000010459e2c4 chromedriver + 549572\n   4   chromedriver                        0x00000001045d6c5c chromedriver + 781404\n   5   chromedriver                        0x0000000104593004 chromedriver + 503812\n   6   chromedriver                        0x00000001045939ec chromedriver + 506348\n   7   chromedriver                        0x00000001048fa510 chromedriver + 4072720\n   8   chromedriver                        0x00000001048fefbc chromedriver + 4091836\n   9   chromedriver                        0x00000001048e1754 chromedriver + 3970900\n   10  chromedriver                        0x00000001048ff8a4 chromedriver + 4094116\n   11  chromedriver                        0x00000001048d46d4 chromedriver + 3917524\n   12  chromedriver                        0x000000010491cb08 chromedriver + 4213512\n   13  chromedriver                        0x000000010491cc84 chromedriver + 4213892\n   14  chromedriver                        0x000000010492aa08 chromedriver + 4270600\n   15  libsystem_pthread.dylib             0x0000000182eaffa8 _pthread_start + 148\n   16  libsystem_pthread.dylib             0x0000000182eaada0 thread_start + 8\n", "test_name": "test_016_missionchallengelist", "rerun": "0"}}, "suite_name": "test_web.py"}}}, "date": "July 04, 2024", "start_time": 1720077229.8322518, "total_suite": 1, "status": "FAIL", "status_list": {"pass": "4", "fail": "12", "skip": "0", "error": "0", "xpass": "0", "xfail": "0", "rerun": "0"}, "total_tests": "16"}