{"content": {"suites": {"0": {"status": {"total_pass": 11, "total_skip": 0, "total_xpass": 0, "total_xfail": 0, "total_rerun": 0, "total_fail": 3, "total_error": 0}, "tests": {"0": {"status": "PASS", "message": "", "test_name": "test_001_login", "rerun": "0"}, "1": {"status": "PASS", "message": "", "test_name": "test_035_albumcreate", "rerun": "0"}, "2": {"status": "PASS", "message": "", "test_name": "test_036_albumrange", "rerun": "0"}, "3": {"status": "FAIL", "message": "   selenium.common.exceptions.NoSuchElementException: Message: no such element: Unable to locate element: {\"method\":\"css selector\",\"selector\":\".btnMore\"}\n     (Session info: chrome=125.0.6422.77); For documentation on this error, please visit: https://www.selenium.dev/documentation/webdriver/troubleshooting/errors#no-such-element-exception\n   Stacktrace:\n   0   chromedriver                        0x00000001008664c8 chromedriver + 4302024\n   1   chromedriver                        0x000000010085ee10 chromedriver + 4271632\n   2   chromedriver                        0x000000010049019c chromedriver + 278940\n   3   chromedriver                        0x00000001004d22c4 chromedriver + 549572\n   4   chromedriver                        0x000000010050ac5c chromedriver + 781404\n   5   chromedriver                        0x00000001004c7004 chromedriver + 503812\n   6   chromedriver                        0x00000001004c79ec chromedriver + 506348\n   7   chromedriver                        0x000000010082e510 chromedriver + 4072720\n   8   chromedriver                        0x0000000100832fbc chromedriver + 4091836\n   9   chromedriver                        0x0000000100815754 chromedriver + 3970900\n   10  chromedriver                        0x00000001008338a4 chromedriver + 4094116\n   11  chromedriver                        0x00000001008086d4 chromedriver + 3917524\n   12  chromedriver                        0x0000000100850b08 chromedriver + 4213512\n   13  chromedriver                        0x0000000100850c84 chromedriver + 4213892\n   14  chromedriver                        0x000000010085ea08 chromedriver + 4270600\n   15  libsystem_pthread.dylib             0x000000019af79f94 _pthread_start + 136\n   16  libsystem_pthread.dylib             0x000000019af74d34 thread_start + 8\n", "test_name": "test_037_albumedit", "rerun": "0"}, "4": {"status": "FAIL", "message": "   selenium.common.exceptions.NoSuchElementException: Message: no such element: Unable to locate element: {\"method\":\"css selector\",\"selector\":\".btnMore\"}\n     (Session info: chrome=125.0.6422.77); For documentation on this error, please visit: https://www.selenium.dev/documentation/webdriver/troubleshooting/errors#no-such-element-exception\n   Stacktrace:\n   0   chromedriver                        0x00000001008664c8 chromedriver + 4302024\n   1   chromedriver                        0x000000010085ee10 chromedriver + 4271632\n   2   chromedriver                        0x000000010049019c chromedriver + 278940\n   3   chromedriver                        0x00000001004d22c4 chromedriver + 549572\n   4   chromedriver                        0x000000010050ac5c chromedriver + 781404\n   5   chromedriver                        0x00000001004c7004 chromedriver + 503812\n   6   chromedriver                        0x00000001004c79ec chromedriver + 506348\n   7   chromedriver                        0x000000010082e510 chromedriver + 4072720\n   8   chromedriver                        0x0000000100832fbc chromedriver + 4091836\n   9   chromedriver                        0x0000000100815754 chromedriver + 3970900\n   10  chromedriver                        0x00000001008338a4 chromedriver + 4094116\n   11  chromedriver                        0x00000001008086d4 chromedriver + 3917524\n   12  chromedriver                        0x0000000100850b08 chromedriver + 4213512\n   13  chromedriver                        0x0000000100850c84 chromedriver + 4213892\n   14  chromedriver                        0x000000010085ea08 chromedriver + 4270600\n   15  libsystem_pthread.dylib             0x000000019af79f94 _pthread_start + 136\n   16  libsystem_pthread.dylib             0x000000019af74d34 thread_start + 8\n", "test_name": "test_038_albumdelete", "rerun": "0"}, "5": {"status": "PASS", "message": "", "test_name": "test_039_photoupload", "rerun": "0"}, "6": {"status": "PASS", "message": "", "test_name": "test_040_uploadedit", "rerun": "0"}, "7": {"status": "FAIL", "message": "", "test_name": "test_041_imagedelte", "rerun": "0"}, "8": {"status": "PASS", "message": "", "test_name": "test_042_calcreate", "rerun": "0"}, "9": {"status": "PASS", "message": "", "test_name": "test_043_calchange", "rerun": "0"}, "10": {"status": "PASS", "message": "", "test_name": "test_044_calcommentwrite", "rerun": "0"}, "11": {"status": "PASS", "message": "", "test_name": "test_045_calcommentchange", "rerun": "0"}, "12": {"status": "PASS", "message": "", "test_name": "test_046_calcommentdel", "rerun": "0"}, "13": {"status": "PASS", "message": "", "test_name": "test_047_caldel", "rerun": "0"}}, "suite_name": "test_web.py"}}}, "date": "September 20, 2024", "start_time": 1726818655.276397, "total_suite": 1, "status": "FAIL", "status_list": {"pass": "11", "fail": "3", "skip": "0", "error": "0", "xpass": "0", "xfail": "0", "rerun": "0"}, "total_tests": "14"}