{"content": {"suites": {"0": {"status": {"total_pass": 2, "total_skip": 0, "total_xpass": 0, "total_xfail": 0, "total_rerun": 0, "total_fail": 2, "total_error": 0}, "tests": {"0": {"status": "FAIL", "message": "   selenium.common.exceptions.TimeoutException: Message: \n   Stacktrace:\n   0   chromedriver                        0x000000010138e004 chromedriver + 4169732\n   1   chromedriver                        0x0000000101385ff8 chromedriver + 4136952\n   2   chromedriver                        0x0000000100fdb500 chromedriver + 292096\n   3   chromedriver                        0x00000001010207a0 chromedriver + 575392\n   4   chromedriver                        0x000000010105b818 chromedriver + 817176\n   5   chromedriver                        0x00000001010145e8 chromedriver + 525800\n   6   chromedriver                        0x00000001010154b8 chromedriver + 529592\n   7   chromedriver                        0x0000000101354334 chromedriver + 3932980\n   8   chromedriver                        0x0000000101358970 chromedriver + 3950960\n   9   chromedriver                        0x000000010133c774 chromedriver + 3835764\n   10  chromedriver                        0x0000000101359478 chromedriver + 3953784\n   11  chromedriver                        0x000000010132eab4 chromedriver + 3779252\n   12  chromedriver                        0x0000000101375914 chromedriver + 4069652\n   13  chromedriver                        0x0000000101375a90 chromedriver + 4070032\n   14  chromedriver                        0x0000000101385c70 chromedriver + 4136048\n   15  libsystem_pthread.dylib             0x000000019ca87fa8 _pthread_start + 148\n   16  libsystem_pthread.dylib             0x000000019ca82da0 thread_start + 8\n", "test_name": "test_login", "rerun": "0"}, "1": {"status": "PASS", "message": "", "test_name": "test_bandcreate", "rerun": "0"}, "2": {"status": "PASS", "message": "", "test_name": "test_photoupload", "rerun": "0"}, "3": {"status": "FAIL", "message": "       selenium.common.exceptions.UnexpectedAlertPresentException: Alert Text: \uc0ac\uc9c4 \uc774\ub3d9 \uc131\uacf5\n       Message: unexpected alert open: {Alert text : \uc0ac\uc9c4 \uc774\ub3d9 \uc131\uacf5}\n         (Session info: chrome=119.0.6045.159)\n       Stacktrace:\n       0   chromedriver                        0x000000010138e004 chromedriver + 4169732\n       1   chromedriver                        0x0000000101385ff8 chromedriver + 4136952\n       2   chromedriver                        0x0000000100fdb500 chromedriver + 292096\n       3   chromedriver                        0x000000010105bc68 chromedriver + 818280\n       4   chromedriver                        0x00000001010145e8 chromedriver + 525800\n       5   chromedriver                        0x00000001010154b8 chromedriver + 529592\n       6   chromedriver                        0x0000000101354334 chromedriver + 3932980\n       7   chromedriver                        0x0000000101358970 chromedriver + 3950960\n       8   chromedriver                        0x000000010133c774 chromedriver + 3835764\n       9   chromedriver                        0x0000000101359478 chromedriver + 3953784\n       10  chromedriver                        0x000000010132eab4 chromedriver + 3779252\n       11  chromedriver                        0x0000000101375914 chromedriver + 4069652\n       12  chromedriver                        0x0000000101375a90 chromedriver + 4070032\n       13  chromedriver                        0x0000000101385c70 chromedriver + 4136048\n       14  libsystem_pthread.dylib             0x000000019ca87fa8 _pthread_start + 148\n       15  libsystem_pthread.dylib             0x000000019ca82da0 thread_start + 8\n", "test_name": "test_uploadedit", "rerun": "0"}}, "suite_name": "test_web.py"}}}, "date": "March 05, 2024", "start_time": 1709617161.389705, "total_suite": 1, "status": "FAIL", "status_list": {"pass": "2", "fail": "2", "skip": "0", "error": "0", "xpass": "0", "xfail": "0", "rerun": "0"}, "total_tests": "4"}