{"content": {"suites": {"0": {"status": {"total_pass": 20, "total_skip": 0, "total_xpass": 0, "total_xfail": 0, "total_rerun": 0, "total_fail": 31, "total_error": 1}, "tests": {"0": {"status": "PASS", "message": "", "test_name": "test_001_login", "rerun": "0"}, "1": {"status": "PASS", "message": "", "test_name": "test_002_bandmainlink", "rerun": "0"}, "2": {"status": "PASS", "message": "", "test_name": "test_003_mainpopular", "rerun": "0"}, "3": {"status": "PASS", "message": "", "test_name": "test_004_maindiscover", "rerun": "0"}, "4": {"status": "PASS", "message": "", "test_name": "test_005_topbutton", "rerun": "0"}, "5": {"status": "FAIL", "message": "   selenium.common.exceptions.NoSuchElementException: Message: no such element: Unable to locate element: {\"method\":\"css selector\",\"selector\":\".sectionTitle.-bg\"}\n     (Session info: chrome=125.0.6422.77); For documentation on this error, please visit: https://www.selenium.dev/documentation/webdriver/troubleshooting/errors#no-such-element-exception\n   Stacktrace:\n   0   chromedriver                        0x00000001005264c8 chromedriver + 4302024\n   1   chromedriver                        0x000000010051ee10 chromedriver + 4271632\n   2   chromedriver                        0x000000010015019c chromedriver + 278940\n   3   chromedriver                        0x00000001001922c4 chromedriver + 549572\n   4   chromedriver                        0x00000001001cac5c chromedriver + 781404\n   5   chromedriver                        0x0000000100187004 chromedriver + 503812\n   6   chromedriver                        0x00000001001879ec chromedriver + 506348\n   7   chromedriver                        0x00000001004ee510 chromedriver + 4072720\n   8   chromedriver                        0x00000001004f2fbc chromedriver + 4091836\n   9   chromedriver                        0x00000001004d5754 chromedriver + 3970900\n   10  chromedriver                        0x00000001004f38a4 chromedriver + 4094116\n   11  chromedriver                        0x00000001004c86d4 chromedriver + 3917524\n   12  chromedriver                        0x0000000100510b08 chromedriver + 4213512\n   13  chromedriver                        0x0000000100510c84 chromedriver + 4213892\n   14  chromedriver                        0x000000010051ea08 chromedriver + 4270600\n   15  libsystem_pthread.dylib             0x0000000189385f94 _pthread_start + 136\n   16  libsystem_pthread.dylib             0x0000000189380d34 thread_start + 8\n", "test_name": "test_006_footer", "rerun": "0"}, "6": {"status": "FAIL", "message": "   selenium.common.exceptions.NoSuchElementException: Message: no such element: Unable to locate element: {\"method\":\"css selector\",\"selector\":\"._tabMyMission.tab\"}\n     (Session info: chrome=125.0.6422.77); For documentation on this error, please visit: https://www.selenium.dev/documentation/webdriver/troubleshooting/errors#no-such-element-exception\n   Stacktrace:\n   0   chromedriver                        0x00000001005264c8 chromedriver + 4302024\n   1   chromedriver                        0x000000010051ee10 chromedriver + 4271632\n   2   chromedriver                        0x000000010015019c chromedriver + 278940\n   3   chromedriver                        0x00000001001922c4 chromedriver + 549572\n   4   chromedriver                        0x00000001001cac5c chromedriver + 781404\n   5   chromedriver                        0x0000000100187004 chromedriver + 503812\n   6   chromedriver                        0x00000001001879ec chromedriver + 506348\n   7   chromedriver                        0x00000001004ee510 chromedriver + 4072720\n   8   chromedriver                        0x00000001004f2fbc chromedriver + 4091836\n   9   chromedriver                        0x00000001004d5754 chromedriver + 3970900\n   10  chromedriver                        0x00000001004f38a4 chromedriver + 4094116\n   11  chromedriver                        0x00000001004c86d4 chromedriver + 3917524\n   12  chromedriver                        0x0000000100510b08 chromedriver + 4213512\n   13  chromedriver                        0x0000000100510c84 chromedriver + 4213892\n   14  chromedriver                        0x000000010051ea08 chromedriver + 4270600\n   15  libsystem_pthread.dylib             0x0000000189385f94 _pthread_start + 136\n   16  libsystem_pthread.dylib             0x0000000189380d34 thread_start + 8\n", "test_name": "test_007_missiontab", "rerun": "0"}, "7": {"status": "FAIL", "message": "       UnboundLocalError: local variable 'missioncount' referenced before assignment\n", "test_name": "test_008_missioncard", "rerun": "0"}, "8": {"status": "FAIL", "message": "   IndexError: list index out of range\n", "test_name": "test_009_missionstats", "rerun": "0"}, "9": {"status": "FAIL", "message": "   selenium.common.exceptions.NoSuchElementException: Message: no such element: Unable to locate element: {\"method\":\"css selector\",\"selector\":\".categorySlider._missionKeywordScrollWrapper\"}\n     (Session info: chrome=125.0.6422.77); For documentation on this error, please visit: https://www.selenium.dev/documentation/webdriver/troubleshooting/errors#no-such-element-exception\n   Stacktrace:\n   0   chromedriver                        0x00000001005264c8 chromedriver + 4302024\n   1   chromedriver                        0x000000010051ee10 chromedriver + 4271632\n   2   chromedriver                        0x000000010015019c chromedriver + 278940\n   3   chromedriver                        0x00000001001922c4 chromedriver + 549572\n   4   chromedriver                        0x00000001001cac5c chromedriver + 781404\n   5   chromedriver                        0x0000000100187004 chromedriver + 503812\n   6   chromedriver                        0x00000001001879ec chromedriver + 506348\n   7   chromedriver                        0x00000001004ee510 chromedriver + 4072720\n   8   chromedriver                        0x00000001004f2fbc chromedriver + 4091836\n   9   chromedriver                        0x00000001004d5754 chromedriver + 3970900\n   10  chromedriver                        0x00000001004f38a4 chromedriver + 4094116\n   11  chromedriver                        0x00000001004c86d4 chromedriver + 3917524\n   12  chromedriver                        0x0000000100510b08 chromedriver + 4213512\n   13  chromedriver                        0x0000000100510c84 chromedriver + 4213892\n   14  chromedriver                        0x000000010051ea08 chromedriver + 4270600\n   15  libsystem_pthread.dylib             0x0000000189385f94 _pthread_start + 136\n   16  libsystem_pthread.dylib             0x0000000189380d34 thread_start + 8\n", "test_name": "test_010_missionchallengelist", "rerun": "0"}, "10": {"status": "PASS", "message": "", "test_name": "test_011_searchsection", "rerun": "0"}, "11": {"status": "PASS", "message": "", "test_name": "test_012_searchpopular", "rerun": "0"}, "12": {"status": "FAIL", "message": "   selenium.common.exceptions.NoSuchElementException: Message: no such element: Unable to locate element: {\"method\":\"css selector\",\"selector\":\".cBandIntroDetail\"}\n     (Session info: chrome=125.0.6422.77); For documentation on this error, please visit: https://www.selenium.dev/documentation/webdriver/troubleshooting/errors#no-such-element-exception\n   Stacktrace:\n   0   chromedriver                        0x00000001005264c8 chromedriver + 4302024\n   1   chromedriver                        0x000000010051ee10 chromedriver + 4271632\n   2   chromedriver                        0x000000010015019c chromedriver + 278940\n   3   chromedriver                        0x00000001001922c4 chromedriver + 549572\n   4   chromedriver                        0x00000001001cac5c chromedriver + 781404\n   5   chromedriver                        0x0000000100187004 chromedriver + 503812\n   6   chromedriver                        0x00000001001879ec chromedriver + 506348\n   7   chromedriver                        0x00000001004ee510 chromedriver + 4072720\n   8   chromedriver                        0x00000001004f2fbc chromedriver + 4091836\n   9   chromedriver                        0x00000001004d5754 chromedriver + 3970900\n   10  chromedriver                        0x00000001004f38a4 chromedriver + 4094116\n   11  chromedriver                        0x00000001004c86d4 chromedriver + 3917524\n   12  chromedriver                        0x0000000100510b08 chromedriver + 4213512\n   13  chromedriver                        0x0000000100510c84 chromedriver + 4213892\n   14  chromedriver                        0x000000010051ea08 chromedriver + 4270600\n   15  libsystem_pthread.dylib             0x0000000189385f94 _pthread_start + 136\n   16  libsystem_pthread.dylib             0x0000000189380d34 thread_start + 8\n", "test_name": "test_013_searchlocal", "rerun": "0"}, "13": {"status": "FAIL", "message": "   selenium.common.exceptions.NoSuchElementException: Message: no such element: Unable to locate element: {\"method\":\"css selector\",\"selector\":\".roundButton.-full.-subscribe._btnJoinPage\"}\n     (Session info: chrome=125.0.6422.77); For documentation on this error, please visit: https://www.selenium.dev/documentation/webdriver/troubleshooting/errors#no-such-element-exception\n   Stacktrace:\n   0   chromedriver                        0x00000001005264c8 chromedriver + 4302024\n   1   chromedriver                        0x000000010051ee10 chromedriver + 4271632\n   2   chromedriver                        0x000000010015019c chromedriver + 278940\n   3   chromedriver                        0x00000001001922c4 chromedriver + 549572\n   4   chromedriver                        0x00000001001cac5c chromedriver + 781404\n   5   chromedriver                        0x0000000100187004 chromedriver + 503812\n   6   chromedriver                        0x00000001001879ec chromedriver + 506348\n   7   chromedriver                        0x00000001004ee510 chromedriver + 4072720\n   8   chromedriver                        0x00000001004f2fbc chromedriver + 4091836\n   9   chromedriver                        0x00000001004d5754 chromedriver + 3970900\n   10  chromedriver                        0x00000001004f38a4 chromedriver + 4094116\n   11  chromedriver                        0x00000001004c86d4 chromedriver + 3917524\n   12  chromedriver                        0x0000000100510b08 chromedriver + 4213512\n   13  chromedriver                        0x0000000100510c84 chromedriver + 4213892\n   14  chromedriver                        0x000000010051ea08 chromedriver + 4270600\n   15  libsystem_pthread.dylib             0x0000000189385f94 _pthread_start + 136\n   16  libsystem_pthread.dylib             0x0000000189380d34 thread_start + 8\n", "test_name": "test_014_searchpage", "rerun": "0"}, "14": {"status": "FAIL", "message": "   IndexError: list index out of range\n", "test_name": "test_015_searchmission", "rerun": "0"}, "15": {"status": "FAIL", "message": "   selenium.common.exceptions.NoSuchElementException: Message: no such element: Unable to locate element: {\"method\":\"link text\",\"selector\":\"\uc9c1\uc811 \ub9cc\ub4e4\uae30\"}\n     (Session info: chrome=125.0.6422.77); For documentation on this error, please visit: https://www.selenium.dev/documentation/webdriver/troubleshooting/errors#no-such-element-exception\n   Stacktrace:\n   0   chromedriver                        0x00000001005264c8 chromedriver + 4302024\n   1   chromedriver                        0x000000010051ee10 chromedriver + 4271632\n   2   chromedriver                        0x000000010015019c chromedriver + 278940\n   3   chromedriver                        0x00000001001922c4 chromedriver + 549572\n   4   chromedriver                        0x00000001001cac5c chromedriver + 781404\n   5   chromedriver                        0x0000000100187004 chromedriver + 503812\n   6   chromedriver                        0x00000001001879ec chromedriver + 506348\n   7   chromedriver                        0x00000001004ee510 chromedriver + 4072720\n   8   chromedriver                        0x00000001004f2fbc chromedriver + 4091836\n   9   chromedriver                        0x00000001004d5754 chromedriver + 3970900\n   10  chromedriver                        0x00000001004f38a4 chromedriver + 4094116\n   11  chromedriver                        0x00000001004c86d4 chromedriver + 3917524\n   12  chromedriver                        0x0000000100510b08 chromedriver + 4213512\n   13  chromedriver                        0x0000000100510c84 chromedriver + 4213892\n   14  chromedriver                        0x000000010051ea08 chromedriver + 4270600\n   15  libsystem_pthread.dylib             0x0000000189385f94 _pthread_start + 136\n   16  libsystem_pthread.dylib             0x0000000189380d34 thread_start + 8\n", "test_name": "test_016_bandcreate", "rerun": "0"}, "16": {"status": "FAIL", "message": "   selenium.common.exceptions.NoSuchElementException: Message: no such element: Unable to locate element: {\"method\":\"css selector\",\"selector\":\".uButton.-sizeL.-confirm.sf_bg._btnPostWrite\"}\n     (Session info: chrome=125.0.6422.77); For documentation on this error, please visit: https://www.selenium.dev/documentation/webdriver/troubleshooting/errors#no-such-element-exception\n   Stacktrace:\n   0   chromedriver                        0x00000001005264c8 chromedriver + 4302024\n   1   chromedriver                        0x000000010051ee10 chromedriver + 4271632\n   2   chromedriver                        0x000000010015019c chromedriver + 278940\n   3   chromedriver                        0x00000001001922c4 chromedriver + 549572\n   4   chromedriver                        0x00000001001cac5c chromedriver + 781404\n   5   chromedriver                        0x0000000100187004 chromedriver + 503812\n   6   chromedriver                        0x00000001001879ec chromedriver + 506348\n   7   chromedriver                        0x00000001004ee510 chromedriver + 4072720\n   8   chromedriver                        0x00000001004f2fbc chromedriver + 4091836\n   9   chromedriver                        0x00000001004d5754 chromedriver + 3970900\n   10  chromedriver                        0x00000001004f38a4 chromedriver + 4094116\n   11  chromedriver                        0x00000001004c86d4 chromedriver + 3917524\n   12  chromedriver                        0x0000000100510b08 chromedriver + 4213512\n   13  chromedriver                        0x0000000100510c84 chromedriver + 4213892\n   14  chromedriver                        0x000000010051ea08 chromedriver + 4270600\n   15  libsystem_pthread.dylib             0x0000000189385f94 _pthread_start + 136\n   16  libsystem_pthread.dylib             0x0000000189380d34 thread_start + 8\n", "test_name": "test_017_bandwrite", "rerun": "0"}, "17": {"status": "FAIL", "message": "   selenium.common.exceptions.NoSuchElementException: Message: no such element: Unable to locate element: {\"method\":\"css selector\",\"selector\":\".postMain\"}\n     (Session info: chrome=125.0.6422.77); For documentation on this error, please visit: https://www.selenium.dev/documentation/webdriver/troubleshooting/errors#no-such-element-exception\n   Stacktrace:\n   0   chromedriver                        0x00000001005264c8 chromedriver + 4302024\n   1   chromedriver                        0x000000010051ee10 chromedriver + 4271632\n   2   chromedriver                        0x000000010015019c chromedriver + 278940\n   3   chromedriver                        0x00000001001922c4 chromedriver + 549572\n   4   chromedriver                        0x00000001001cac5c chromedriver + 781404\n   5   chromedriver                        0x0000000100187004 chromedriver + 503812\n   6   chromedriver                        0x00000001001879ec chromedriver + 506348\n   7   chromedriver                        0x00000001004ee510 chromedriver + 4072720\n   8   chromedriver                        0x00000001004f2fbc chromedriver + 4091836\n   9   chromedriver                        0x00000001004d5754 chromedriver + 3970900\n   10  chromedriver                        0x00000001004f38a4 chromedriver + 4094116\n   11  chromedriver                        0x00000001004c86d4 chromedriver + 3917524\n   12  chromedriver                        0x0000000100510b08 chromedriver + 4213512\n   13  chromedriver                        0x0000000100510c84 chromedriver + 4213892\n   14  chromedriver                        0x000000010051ea08 chromedriver + 4270600\n   15  libsystem_pthread.dylib             0x0000000189385f94 _pthread_start + 136\n   16  libsystem_pthread.dylib             0x0000000189380d34 thread_start + 8\n", "test_name": "test_018_postedit", "rerun": "0"}, "18": {"status": "FAIL", "message": "   selenium.common.exceptions.NoSuchElementException: Message: no such element: Unable to locate element: {\"method\":\"css selector\",\"selector\":\".commentWrite._use_keyup_event._messageTextArea\"}\n     (Session info: chrome=125.0.6422.77); For documentation on this error, please visit: https://www.selenium.dev/documentation/webdriver/troubleshooting/errors#no-such-element-exception\n   Stacktrace:\n   0   chromedriver                        0x00000001005264c8 chromedriver + 4302024\n   1   chromedriver                        0x000000010051ee10 chromedriver + 4271632\n   2   chromedriver                        0x000000010015019c chromedriver + 278940\n   3   chromedriver                        0x00000001001922c4 chromedriver + 549572\n   4   chromedriver                        0x00000001001cac5c chromedriver + 781404\n   5   chromedriver                        0x0000000100187004 chromedriver + 503812\n   6   chromedriver                        0x00000001001879ec chromedriver + 506348\n   7   chromedriver                        0x00000001004ee510 chromedriver + 4072720\n   8   chromedriver                        0x00000001004f2fbc chromedriver + 4091836\n   9   chromedriver                        0x00000001004d5754 chromedriver + 3970900\n   10  chromedriver                        0x00000001004f38a4 chromedriver + 4094116\n   11  chromedriver                        0x00000001004c86d4 chromedriver + 3917524\n   12  chromedriver                        0x0000000100510b08 chromedriver + 4213512\n   13  chromedriver                        0x0000000100510c84 chromedriver + 4213892\n   14  chromedriver                        0x000000010051ea08 chromedriver + 4270600\n   15  libsystem_pthread.dylib             0x0000000189385f94 _pthread_start + 136\n   16  libsystem_pthread.dylib             0x0000000189380d34 thread_start + 8\n", "test_name": "test_019_postcomment", "rerun": "0"}, "19": {"status": "FAIL", "message": "   IndexError: list index out of range\n", "test_name": "test_020_commentedit", "rerun": "0"}, "20": {"status": "FAIL", "message": "   IndexError: list index out of range\n", "test_name": "test_021_commentdel", "rerun": "0"}, "21": {"status": "FAIL", "message": "   IndexError: list index out of range\n", "test_name": "test_022_postdel", "rerun": "0"}, "22": {"status": "FAIL", "message": "   selenium.common.exceptions.NoSuchElementException: Message: no such element: Unable to locate element: {\"method\":\"css selector\",\"selector\":\".vote._showToolTip._popupOpenShortly\"}\n     (Session info: chrome=125.0.6422.77); For documentation on this error, please visit: https://www.selenium.dev/documentation/webdriver/troubleshooting/errors#no-such-element-exception\n   Stacktrace:\n   0   chromedriver                        0x00000001005264c8 chromedriver + 4302024\n   1   chromedriver                        0x000000010051ee10 chromedriver + 4271632\n   2   chromedriver                        0x000000010015019c chromedriver + 278940\n   3   chromedriver                        0x00000001001922c4 chromedriver + 549572\n   4   chromedriver                        0x00000001001cac5c chromedriver + 781404\n   5   chromedriver                        0x0000000100187004 chromedriver + 503812\n   6   chromedriver                        0x00000001001879ec chromedriver + 506348\n   7   chromedriver                        0x00000001004ee510 chromedriver + 4072720\n   8   chromedriver                        0x00000001004f2fbc chromedriver + 4091836\n   9   chromedriver                        0x00000001004d5754 chromedriver + 3970900\n   10  chromedriver                        0x00000001004f38a4 chromedriver + 4094116\n   11  chromedriver                        0x00000001004c86d4 chromedriver + 3917524\n   12  chromedriver                        0x0000000100510b08 chromedriver + 4213512\n   13  chromedriver                        0x0000000100510c84 chromedriver + 4213892\n   14  chromedriver                        0x000000010051ea08 chromedriver + 4270600\n   15  libsystem_pthread.dylib             0x0000000189385f94 _pthread_start + 136\n   16  libsystem_pthread.dylib             0x0000000189380d34 thread_start + 8\n", "test_name": "test_023_pollpost", "rerun": "0"}, "23": {"status": "FAIL", "message": "   selenium.common.exceptions.NoSuchElementException: Message: no such element: Unable to locate element: {\"method\":\"css selector\",\"selector\":\".addTitle\"}\n     (Session info: chrome=125.0.6422.77); For documentation on this error, please visit: https://www.selenium.dev/documentation/webdriver/troubleshooting/errors#no-such-element-exception\n   Stacktrace:\n   0   chromedriver                        0x00000001005264c8 chromedriver + 4302024\n   1   chromedriver                        0x000000010051ee10 chromedriver + 4271632\n   2   chromedriver                        0x000000010015019c chromedriver + 278940\n   3   chromedriver                        0x00000001001922c4 chromedriver + 549572\n   4   chromedriver                        0x00000001001cac5c chromedriver + 781404\n   5   chromedriver                        0x0000000100187004 chromedriver + 503812\n   6   chromedriver                        0x00000001001879ec chromedriver + 506348\n   7   chromedriver                        0x00000001004ee510 chromedriver + 4072720\n   8   chromedriver                        0x00000001004f2fbc chromedriver + 4091836\n   9   chromedriver                        0x00000001004d5754 chromedriver + 3970900\n   10  chromedriver                        0x00000001004f38a4 chromedriver + 4094116\n   11  chromedriver                        0x00000001004c86d4 chromedriver + 3917524\n   12  chromedriver                        0x0000000100510b08 chromedriver + 4213512\n   13  chromedriver                        0x0000000100510c84 chromedriver + 4213892\n   14  chromedriver                        0x000000010051ea08 chromedriver + 4270600\n   15  libsystem_pthread.dylib             0x0000000189385f94 _pthread_start + 136\n   16  libsystem_pthread.dylib             0x0000000189380d34 thread_start + 8\n", "test_name": "test_024_polledit", "rerun": "0"}, "24": {"status": "PASS", "message": "", "test_name": "test_025_memberprofile", "rerun": "0"}, "25": {"status": "PASS", "message": "", "test_name": "test_026_profileblock", "rerun": "0"}, "26": {"status": "PASS", "message": "", "test_name": "test_027_membersort", "rerun": "0"}, "27": {"status": "PASS", "message": "", "test_name": "test_028_memebersearch", "rerun": "0"}, "28": {"status": "PASS", "message": "", "test_name": "test_029_attachmentalbum", "rerun": "0"}, "29": {"status": "PASS", "message": "", "test_name": "test_030_attachfolderedit", "rerun": "0"}, "30": {"status": "PASS", "message": "", "test_name": "test_031_fileupload", "rerun": "0"}, "31": {"status": "PASS", "message": "", "test_name": "test_032_filesort", "rerun": "0"}, "32": {"status": "PASS", "message": "", "test_name": "test_033_filemove", "rerun": "0"}, "33": {"status": "PASS", "message": "", "test_name": "test_034_filedelete", "rerun": "0"}, "34": {"status": "FAIL", "message": "   IndexError: list index out of range\n", "test_name": "test_035_albumcreate", "rerun": "0"}, "35": {"status": "ERROR", "message": "@pytest.fixture(autouse=True)\n    def screen_capture():\n>       attach(data=driver.get_screenshot_as_png())\n\ntest_web.py:42: \n_ _ _ _ _ _ _ _ _ _ _ _ _ _ _ _ _ _ _ _ _ _ _ _ _ _ _ _ _ _ _ _ _ _ _ _ _ _ _ _ _ _ _ _ _ _ _ _ _ _ _ _ _ _ _ _ _ _ _ _ _ _ _ _ _ _ _ _ _ _ _ _ _ _ _ _ _ _ _ _ _ _ _ _ _ _ _ _ _ _ _ _ _ _ _ _ _ _ _ _ _ _\n../../Library/Python/3.9/lib/python/site-packages/selenium/webdriver/remote/webdriver.py:839: in get_screenshot_as_png\n    return b64decode(self.get_screenshot_as_base64().encode(\"ascii\"))\n../../Library/Python/3.9/lib/python/site-packages/selenium/webdriver/remote/webdriver.py:850: in get_screenshot_as_base64\n    return self.execute(Command.SCREENSHOT)[\"value\"]\n../../Library/Python/3.9/lib/python/site-packages/selenium/webdriver/remote/webdriver.py:354: in execute\n    self.error_handler.check_response(response)\n_ _ _ _ _ _ _ _ _ _ _ _ _ _ _ _ _ _ _ _ _ _ _ _ _ _ _ _ _ _ _ _ _ _ _ _ _ _ _ _ _ _ _ _ _ _ _ _ _ _ _ _ _ _ _ _ _ _ _ _ _ _ _ _ _ _ _ _ _ _ _ _ _ _ _ _ _ _ _ _ _ _ _ _ _ _ _ _ _ _ _ _ _ _ _ _ _ _ _ _ _ _\n\nself = <selenium.webdriver.remote.errorhandler.ErrorHandler object at 0x106e5b1c0>\nresponse = {'status': 500, 'value': '{\"value\":{\"data\":{\"text\":\"\uc874\uc7ac\ud558\uc9c0 \uc54a\ub294 \ubc34\ub4dc \ub610\ub294 \ud398\uc774\uc9c0\uc785\ub2c8\ub2e4.\"},\"error\":\"unexpected alert open\",\"message\":...000189385f94 _pthread_start + 136\\\\n15  libsystem_pthread.dylib             0x0000000189380d34 thread_start + 8\\\\n\"}}'}\n\n    def check_response(self, response: Dict[str, Any]) -> None:\n        \"\"\"Checks that a JSON response from the WebDriver does not have an\n        error.\n    \n        :Args:\n         - response - The JSON response from the WebDriver server as a dictionary\n           object.\n    \n        :Raises: If the response contains an error message.\n        \"\"\"\n        status = response.get(\"status\", None)\n        if not status or status == ErrorCode.SUCCESS:\n            return\n        value = None\n        message = response.get(\"message\", \"\")\n        screen: str = response.get(\"screen\", \"\")\n        stacktrace = None\n        if isinstance(status, int):\n            value_json = response.get(\"value\", None)\n            if value_json and isinstance(value_json, str):\n                import json\n    \n                try:\n                    value = json.loads(value_json)\n                    if len(value) == 1:\n                        value = value[\"value\"]\n                    status = value.get(\"error\", None)\n                    if not status:\n                        status = value.get(\"status\", ErrorCode.UNKNOWN_ERROR)\n                        message = value.get(\"value\") or value.get(\"message\")\n                        if not isinstance(message, str):\n                            value = message\n                            message = message.get(\"message\")\n                    else:\n                        message = value.get(\"message\", None)\n                except ValueError:\n                    pass\n    \n        exception_class: Type[WebDriverException]\n        e = ErrorCode()\n        error_codes = [item for item in dir(e) if not item.startswith(\"__\")]\n        for error_code in error_codes:\n            error_info = getattr(ErrorCode, error_code)\n            if isinstance(error_info, list) and status in error_info:\n                exception_class = getattr(ExceptionMapping, error_code, WebDriverException)\n                break\n        else:\n            exception_class = WebDriverException\n    \n        if not value:\n            value = response[\"value\"]\n        if isinstance(value, str):\n            raise exception_class(value)\n        if message == \"\" and \"message\" in value:\n            message = value[\"message\"]\n    \n        screen = None  # type: ignore[assignment]\n        if \"screen\" in value:\n            screen = value[\"screen\"]\n    \n        stacktrace = None\n        st_value = value.get(\"stackTrace\") or value.get(\"stacktrace\")\n        if st_value:\n            if isinstance(st_value, str):\n                stacktrace = st_value.split(\"\\n\")\n            else:\n                stacktrace = []\n                try:\n                    for frame in st_value:\n                        line = frame.get(\"lineNumber\", \"\")\n                        file = frame.get(\"fileName\", \"<anonymous>\")\n                        if line:\n                            file = f\"{file}:{line}\"\n                        meth = frame.get(\"methodName\", \"<anonymous>\")\n                        if \"className\" in frame:\n                            meth = f\"{frame['className']}.{meth}\"\n                        msg = \"    at %s (%s)\"\n                        msg = msg % (meth, file)\n                        stacktrace.append(msg)\n                except TypeError:\n                    pass\n        if exception_class == UnexpectedAlertPresentException:\n            alert_text = None\n            if \"data\" in value:\n                alert_text = value[\"data\"].get(\"text\")\n            elif \"alert\" in value:\n                alert_text = value[\"alert\"].get(\"text\")\n>           raise exception_class(message, screen, stacktrace, alert_text)  # type: ignore[call-arg]  # mypy is not smart enough here\nE           selenium.common.exceptions.UnexpectedAlertPresentException: Alert Text: \uc874\uc7ac\ud558\uc9c0 \uc54a\ub294 \ubc34\ub4dc \ub610\ub294 \ud398\uc774\uc9c0\uc785\ub2c8\ub2e4.\nE           Message: unexpected alert open: {Alert text : \uc874\uc7ac\ud558\uc9c0 \uc54a\ub294 \ubc34\ub4dc \ub610\ub294 \ud398\uc774\uc9c0\uc785\ub2c8\ub2e4.}\nE             (Session info: chrome=125.0.6422.77)\nE           Stacktrace:\nE           0   chromedriver                        0x00000001005264c8 chromedriver + 4302024\nE           1   chromedriver                        0x000000010051ee10 chromedriver + 4271632\nE           2   chromedriver                        0x000000010015019c chromedriver + 278940\nE           3   chromedriver                        0x00000001001cb168 chromedriver + 782696\nE           4   chromedriver                        0x0000000100187004 chromedriver + 503812\nE           5   chromedriver                        0x00000001001879ec chromedriver + 506348\nE           6   chromedriver                        0x00000001004ee510 chromedriver + 4072720\nE           7   chromedriver                        0x00000001004f2fbc chromedriver + 4091836\nE           8   chromedriver                        0x00000001004d5754 chromedriver + 3970900\nE           9   chromedriver                        0x00000001004f38a4 chromedriver + 4094116\nE           10  chromedriver                        0x00000001004c86d4 chromedriver + 3917524\nE           11  chromedriver                        0x0000000100510b08 chromedriver + 4213512\nE           12  chromedriver                        0x0000000100510c84 chromedriver + 4213892\nE           13  chromedriver                        0x000000010051ea08 chromedriver + 4270600\nE           14  libsystem_pthread.dylib             0x0000000189385f94 _pthread_start + 136\nE           15  libsystem_pthread.dylib             0x0000000189380d34 thread_start + 8\n\n../../Library/Python/3.9/lib/python/site-packages/selenium/webdriver/remote/errorhandler.py:228: UnexpectedAlertPresentException\n", "test_name": "test_036_albumedit", "rerun": "0"}, "36": {"status": "FAIL", "message": "   IndexError: list index out of range\n", "test_name": "test_037_photoupload", "rerun": "0"}, "37": {"status": "FAIL", "message": "   selenium.common.exceptions.NoSuchElementException: Message: no such element: Unable to locate element: {\"method\":\"css selector\",\"selector\":\".uButton.-text.-manage._selectButton\"}\n     (Session info: chrome=125.0.6422.77); For documentation on this error, please visit: https://www.selenium.dev/documentation/webdriver/troubleshooting/errors#no-such-element-exception\n   Stacktrace:\n   0   chromedriver                        0x00000001005264c8 chromedriver + 4302024\n   1   chromedriver                        0x000000010051ee10 chromedriver + 4271632\n   2   chromedriver                        0x000000010015019c chromedriver + 278940\n   3   chromedriver                        0x00000001001922c4 chromedriver + 549572\n   4   chromedriver                        0x00000001001cac5c chromedriver + 781404\n   5   chromedriver                        0x0000000100187004 chromedriver + 503812\n   6   chromedriver                        0x00000001001879ec chromedriver + 506348\n   7   chromedriver                        0x00000001004ee510 chromedriver + 4072720\n   8   chromedriver                        0x00000001004f2fbc chromedriver + 4091836\n   9   chromedriver                        0x00000001004d5754 chromedriver + 3970900\n   10  chromedriver                        0x00000001004f38a4 chromedriver + 4094116\n   11  chromedriver                        0x00000001004c86d4 chromedriver + 3917524\n   12  chromedriver                        0x0000000100510b08 chromedriver + 4213512\n   13  chromedriver                        0x0000000100510c84 chromedriver + 4213892\n   14  chromedriver                        0x000000010051ea08 chromedriver + 4270600\n   15  libsystem_pthread.dylib             0x0000000189385f94 _pthread_start + 136\n   16  libsystem_pthread.dylib             0x0000000189380d34 thread_start + 8\n", "test_name": "test_038_uploadedit", "rerun": "0"}, "38": {"status": "FAIL", "message": "   IndexError: list index out of range\n", "test_name": "test_039_imagedelte", "rerun": "0"}, "39": {"status": "FAIL", "message": "   IndexError: list index out of range\n", "test_name": "test_040_albumrange", "rerun": "0"}, "40": {"status": "FAIL", "message": "       IndexError: list index out of range\n", "test_name": "test_041_albumdelete", "rerun": "0"}, "41": {"status": "FAIL", "message": "   IndexError: list index out of range\n", "test_name": "test_042_calcreate", "rerun": "0"}, "42": {"status": "FAIL", "message": "   selenium.common.exceptions.NoSuchElementException: Message: no such element: Unable to locate element: {\"method\":\"css selector\",\"selector\":\".scheduleEndTime\"}\n     (Session info: chrome=125.0.6422.77); For documentation on this error, please visit: https://www.selenium.dev/documentation/webdriver/troubleshooting/errors#no-such-element-exception\n   Stacktrace:\n   0   chromedriver                        0x00000001005264c8 chromedriver + 4302024\n   1   chromedriver                        0x000000010051ee10 chromedriver + 4271632\n   2   chromedriver                        0x000000010015019c chromedriver + 278940\n   3   chromedriver                        0x00000001001922c4 chromedriver + 549572\n   4   chromedriver                        0x00000001001cac5c chromedriver + 781404\n   5   chromedriver                        0x0000000100187004 chromedriver + 503812\n   6   chromedriver                        0x00000001001879ec chromedriver + 506348\n   7   chromedriver                        0x00000001004ee510 chromedriver + 4072720\n   8   chromedriver                        0x00000001004f2fbc chromedriver + 4091836\n   9   chromedriver                        0x00000001004d5754 chromedriver + 3970900\n   10  chromedriver                        0x00000001004f38a4 chromedriver + 4094116\n   11  chromedriver                        0x00000001004c86d4 chromedriver + 3917524\n   12  chromedriver                        0x0000000100510b08 chromedriver + 4213512\n   13  chromedriver                        0x0000000100510c84 chromedriver + 4213892\n   14  chromedriver                        0x000000010051ea08 chromedriver + 4270600\n   15  libsystem_pthread.dylib             0x0000000189385f94 _pthread_start + 136\n   16  libsystem_pthread.dylib             0x0000000189380d34 thread_start + 8\n", "test_name": "test_043_calchange", "rerun": "0"}, "43": {"status": "FAIL", "message": "   selenium.common.exceptions.NoSuchElementException: Message: no such element: Unable to locate element: {\"method\":\"css selector\",\"selector\":\".commentWrite._use_keyup_event._messageTextArea\"}\n     (Session info: chrome=125.0.6422.77); For documentation on this error, please visit: https://www.selenium.dev/documentation/webdriver/troubleshooting/errors#no-such-element-exception\n   Stacktrace:\n   0   chromedriver                        0x00000001005264c8 chromedriver + 4302024\n   1   chromedriver                        0x000000010051ee10 chromedriver + 4271632\n   2   chromedriver                        0x000000010015019c chromedriver + 278940\n   3   chromedriver                        0x00000001001922c4 chromedriver + 549572\n   4   chromedriver                        0x00000001001cac5c chromedriver + 781404\n   5   chromedriver                        0x0000000100187004 chromedriver + 503812\n   6   chromedriver                        0x00000001001879ec chromedriver + 506348\n   7   chromedriver                        0x00000001004ee510 chromedriver + 4072720\n   8   chromedriver                        0x00000001004f2fbc chromedriver + 4091836\n   9   chromedriver                        0x00000001004d5754 chromedriver + 3970900\n   10  chromedriver                        0x00000001004f38a4 chromedriver + 4094116\n   11  chromedriver                        0x00000001004c86d4 chromedriver + 3917524\n   12  chromedriver                        0x0000000100510b08 chromedriver + 4213512\n   13  chromedriver                        0x0000000100510c84 chromedriver + 4213892\n   14  chromedriver                        0x000000010051ea08 chromedriver + 4270600\n   15  libsystem_pthread.dylib             0x0000000189385f94 _pthread_start + 136\n   16  libsystem_pthread.dylib             0x0000000189380d34 thread_start + 8\n", "test_name": "test_044_calcommentwrite", "rerun": "0"}, "44": {"status": "FAIL", "message": "   selenium.common.exceptions.NoSuchElementException: Message: no such element: Unable to locate element: {\"method\":\"css selector\",\"selector\":\".commentEdit\"}\n     (Session info: chrome=125.0.6422.77); For documentation on this error, please visit: https://www.selenium.dev/documentation/webdriver/troubleshooting/errors#no-such-element-exception\n   Stacktrace:\n   0   chromedriver                        0x00000001005264c8 chromedriver + 4302024\n   1   chromedriver                        0x000000010051ee10 chromedriver + 4271632\n   2   chromedriver                        0x000000010015019c chromedriver + 278940\n   3   chromedriver                        0x00000001001922c4 chromedriver + 549572\n   4   chromedriver                        0x00000001001cac5c chromedriver + 781404\n   5   chromedriver                        0x0000000100187004 chromedriver + 503812\n   6   chromedriver                        0x00000001001879ec chromedriver + 506348\n   7   chromedriver                        0x00000001004ee510 chromedriver + 4072720\n   8   chromedriver                        0x00000001004f2fbc chromedriver + 4091836\n   9   chromedriver                        0x00000001004d5754 chromedriver + 3970900\n   10  chromedriver                        0x00000001004f38a4 chromedriver + 4094116\n   11  chromedriver                        0x00000001004c86d4 chromedriver + 3917524\n   12  chromedriver                        0x0000000100510b08 chromedriver + 4213512\n   13  chromedriver                        0x0000000100510c84 chromedriver + 4213892\n   14  chromedriver                        0x000000010051ea08 chromedriver + 4270600\n   15  libsystem_pthread.dylib             0x0000000189385f94 _pthread_start + 136\n   16  libsystem_pthread.dylib             0x0000000189380d34 thread_start + 8\n", "test_name": "test_045_calcommentchange", "rerun": "0"}, "45": {"status": "FAIL", "message": "   selenium.common.exceptions.NoSuchElementException: Message: no such element: Unable to locate element: {\"method\":\"css selector\",\"selector\":\".commentEdit\"}\n     (Session info: chrome=125.0.6422.77); For documentation on this error, please visit: https://www.selenium.dev/documentation/webdriver/troubleshooting/errors#no-such-element-exception\n   Stacktrace:\n   0   chromedriver                        0x00000001005264c8 chromedriver + 4302024\n   1   chromedriver                        0x000000010051ee10 chromedriver + 4271632\n   2   chromedriver                        0x000000010015019c chromedriver + 278940\n   3   chromedriver                        0x00000001001922c4 chromedriver + 549572\n   4   chromedriver                        0x00000001001cac5c chromedriver + 781404\n   5   chromedriver                        0x0000000100187004 chromedriver + 503812\n   6   chromedriver                        0x00000001001879ec chromedriver + 506348\n   7   chromedriver                        0x00000001004ee510 chromedriver + 4072720\n   8   chromedriver                        0x00000001004f2fbc chromedriver + 4091836\n   9   chromedriver                        0x00000001004d5754 chromedriver + 3970900\n   10  chromedriver                        0x00000001004f38a4 chromedriver + 4094116\n   11  chromedriver                        0x00000001004c86d4 chromedriver + 3917524\n   12  chromedriver                        0x0000000100510b08 chromedriver + 4213512\n   13  chromedriver                        0x0000000100510c84 chromedriver + 4213892\n   14  chromedriver                        0x000000010051ea08 chromedriver + 4270600\n   15  libsystem_pthread.dylib             0x0000000189385f94 _pthread_start + 136\n   16  libsystem_pthread.dylib             0x0000000189380d34 thread_start + 8\n", "test_name": "test_046_calcommentdel", "rerun": "0"}, "46": {"status": "FAIL", "message": "   selenium.common.exceptions.NoSuchElementException: Message: no such element: Unable to locate element: {\"method\":\"css selector\",\"selector\":\".postSet._moreButton\"}\n     (Session info: chrome=125.0.6422.77); For documentation on this error, please visit: https://www.selenium.dev/documentation/webdriver/troubleshooting/errors#no-such-element-exception\n   Stacktrace:\n   0   chromedriver                        0x00000001005264c8 chromedriver + 4302024\n   1   chromedriver                        0x000000010051ee10 chromedriver + 4271632\n   2   chromedriver                        0x000000010015019c chromedriver + 278940\n   3   chromedriver                        0x00000001001922c4 chromedriver + 549572\n   4   chromedriver                        0x00000001001cac5c chromedriver + 781404\n   5   chromedriver                        0x0000000100187004 chromedriver + 503812\n   6   chromedriver                        0x00000001001879ec chromedriver + 506348\n   7   chromedriver                        0x00000001004ee510 chromedriver + 4072720\n   8   chromedriver                        0x00000001004f2fbc chromedriver + 4091836\n   9   chromedriver                        0x00000001004d5754 chromedriver + 3970900\n   10  chromedriver                        0x00000001004f38a4 chromedriver + 4094116\n   11  chromedriver                        0x00000001004c86d4 chromedriver + 3917524\n   12  chromedriver                        0x0000000100510b08 chromedriver + 4213512\n   13  chromedriver                        0x0000000100510c84 chromedriver + 4213892\n   14  chromedriver                        0x000000010051ea08 chromedriver + 4270600\n   15  libsystem_pthread.dylib             0x0000000189385f94 _pthread_start + 136\n   16  libsystem_pthread.dylib             0x0000000189380d34 thread_start + 8\n", "test_name": "test_047_caldel", "rerun": "0"}, "47": {"status": "PASS", "message": "", "test_name": "test_070_localchange", "rerun": "0"}, "48": {"status": "FAIL", "message": "", "test_name": "test_071_localhistory", "rerun": "0"}, "49": {"status": "PASS", "message": "", "test_name": "test_072_localnewband", "rerun": "0"}, "50": {"status": "FAIL", "message": "   selenium.common.exceptions.NoSuchElementException: Message: no such element: Unable to locate element: {\"method\":\"css selector\",\"selector\":\".introSubTitle\"}\n     (Session info: chrome=125.0.6422.77); For documentation on this error, please visit: https://www.selenium.dev/documentation/webdriver/troubleshooting/errors#no-such-element-exception\n   Stacktrace:\n   0   chromedriver                        0x00000001005264c8 chromedriver + 4302024\n   1   chromedriver                        0x000000010051ee10 chromedriver + 4271632\n   2   chromedriver                        0x000000010015019c chromedriver + 278940\n   3   chromedriver                        0x00000001001922c4 chromedriver + 549572\n   4   chromedriver                        0x00000001001cac5c chromedriver + 781404\n   5   chromedriver                        0x0000000100187004 chromedriver + 503812\n   6   chromedriver                        0x00000001001879ec chromedriver + 506348\n   7   chromedriver                        0x00000001004ee510 chromedriver + 4072720\n   8   chromedriver                        0x00000001004f2fbc chromedriver + 4091836\n   9   chromedriver                        0x00000001004d5754 chromedriver + 3970900\n   10  chromedriver                        0x00000001004f38a4 chromedriver + 4094116\n   11  chromedriver                        0x00000001004c86d4 chromedriver + 3917524\n   12  chromedriver                        0x0000000100510b08 chromedriver + 4213512\n   13  chromedriver                        0x0000000100510c84 chromedriver + 4213892\n   14  chromedriver                        0x000000010051ea08 chromedriver + 4270600\n   15  libsystem_pthread.dylib             0x0000000189385f94 _pthread_start + 136\n   16  libsystem_pthread.dylib             0x0000000189380d34 thread_start + 8\n", "test_name": "test_073_localcategory", "rerun": "0"}, "51": {"status": "PASS", "message": "", "test_name": "test_075_feedmain", "rerun": "0"}}, "suite_name": "test_web.py"}}}, "date": "March 31, 2025", "start_time": 1743393744.442006, "total_suite": 1, "status": "FAIL", "status_list": {"pass": "20", "fail": "31", "skip": "0", "error": "1", "xpass": "0", "xfail": "0", "rerun": "0"}, "total_tests": "52"}